INFO: [SIM 2] *************** CSIM start ***************
INFO: [SIM 4] CSIM will launch GCC as the compiler.
make[1]: Entering directory `/root/okx/hls_proj/Tcp/solution1/csim/build'
   Compiling ../../../../../src/Tcp/Test/TcpTest.cpp in debug mode
   Compiling ../../../../../src/Tcp/TcpTop.cpp in debug mode
   Compiling ../../../../../src/Tcp/TcpPayloadParsor.cpp in debug mode
   Compiling ../../../../../src/Tcp/TcpSend.cpp in debug mode
   Compiling ../../../../../src/Tcp/TcpManager.cpp in debug mode
   Compiling ../../../../../src/Tcp/TcpInputProcessor.cpp in debug mode
   Compiling ../../../../../src/Tcp/Counter.cpp in debug mode
   Generating csim.exe
make[1]: Leaving directory `/root/okx/hls_proj/Tcp/solution1/csim/build'
0xac8fa9a9ec215c87
0x9c50640508004500
0x28260a40008006
0x0c0a8120312b5
0x9708de1b17c906f6
0xbd27000000005002
0xffff000000000000
^Sent 1
Recv 2
0xac8fa9a9ec215c87
0x9c50640508004500
0x28260b40008006
0x0c0a8120312b5
0x9708de1b17c906f6
0xbd2835718e5f5010
0xffff000000000000
^Sent 3
0xac8fa9a9ec215c87
0x9c50640508004500
0x09a260c40008006
0x0c0a8120312b5
0x9708de1b17c906f6
0xbd2835718e5f5018
0xffff000000004745
0x54202f6170692f76
0x352f6d61726b6574
0x2f7469636b657273
0x3f696e7374547970
0x653d535741502675
0x6c793d4254432d55
0x534420485454502f
0x312e310d0a486f73
0x743a2031382e3138
0x312e3135312e383a
0x363038390d0a436f
0x6e6e656374696f6e
0x3a206b6565702d61
0x6c6976650d0a0d0a
^Sent 4
Recv 5
Recv 6
0xac8fa9a9ec215c87
0x9c50640508004500
0x28260d40008006
0x0c0a8120312b5
0x9708de1b17c906f6
0xbd9a357192ee5010
0xffff000000000000
^Sent 7
New Quote 0 42033.4 378
0xac8fa9a9ec215c87
0x9c50640508004500
0x09a260e40008006
0x0c0a8120312b5
0x9708de1b17c906f6
0xbd9a357192ee5018
0xffff000000004745
0x54202f6170692f76
0x352f6d61726b6574
0x2f7469636b657273
0x3f696e7374547970
0x653d535741502675
0x6c793d4254432d55
0x534420485454502f
0x312e310d0a486f73
0x743a2031382e3138
0x312e3135312e383a
0x363038390d0a436f
0x6e6e656374696f6e
0x3a206b6565702d61
0x6c6976650d0a0d0a
^Sent 8
Recv 9
Recv 10
0xac8fa9a9ec215c87
0x9c50640508004500
0x28260f40008006
0x0c0a8120312b5
0x9708de1b17c906f6
0xbe0c3571977d5010
0xffff000000000000
^Sent 11
New Quote 1 42033.4 287
Recv 12
0xac8fa9a9ec215c87
0x9c50640508004500
0x28261040008006
0x0c0a8120312b5
0x9708de1b17c906f6
0xbe0c3571977d5010
0xffff000000000000
^Sent 13
0xac8fa9a9ec215c87
0x9c50640508004500
0x09a261140008006
0x0c0a8120312b5
0x9708de1b17c906f6
0xbe0c3571977d5018
0xffff000000004745
0x54202f6170692f76
0x352f6d61726b6574
0x2f7469636b657273
0x3f696e7374547970
0x653d535741502675
0x6c793d4254432d55
0x534420485454502f
0x312e310d0a486f73
0x743a2031382e3138
0x312e3135312e383a
0x363038390d0a436f
0x6e6e656374696f6e
0x3a206b6565702d61
0x6c6976650d0a0d0a
^Sent 14
Recv 15
Recv 16
0xac8fa9a9ec215c87
0x9c50640508004500
0x28261240008006
0x0c0a8120312b5
0x9708de1b17c906f6
0xbe7e35719c0d5010
0xffff000000000000
^Sent 17
New Quote 2 42029.5 121
Recv 18
0xac8fa9a9ec215c87
0x9c50640508004500
0x28261340008006
0x0c0a8120312b5
0x9708de1b17c906f6
0xbe7e35719c0d5010
0xffff000000000000
^Sent 19
Recv 20
0xac8fa9a9ec215c87
0x9c50640508004500
0x28261440008006
0x0c0a8120312b5
0x9708de1b17c906f6
0xbe7e35719c0d5010
0xffff000000000000
^Sent 21
CLOSE
0xac8fa9a9ec215c87
0x9c50640508004500
0x28261540008006
0x0c0a8120312b5
0x9708de1b17c906f6
0xbe7e35719c0d5011
0xffff000000000000
^Sent 22
Recv 23
0xac8fa9a9ec215c87
0x9c50640508004500
0x28261640008006
0x0c0a8120312b5
0x9708de1b17c906f6
0xbe7f35719c0e5010
0xffff000000000000
^Sent 24
INFO: [SIM 1] CSim done with 0 errors.
INFO: [SIM 3] *************** CSIM finish ***************
