

================================================================
== Vitis HLS Report for 'EthInTop'
================================================================
* Date:           Fri Jan  1 00:00:33 2021

* Version:        2020.1 (Build 2902540 on Wed May 27 20:16:15 MDT 2020)
* Project:        EthInTop
* Solution:       solution (Vitis Kernel Flow Target)
* Product family: virtexuplus
* Target device:  xcvu9p-flgb2104-2L-e


================================================================
== Performance Estimates
================================================================
+ Timing: 
    * Summary: 
    +--------+---------+----------+------------+
    |  Clock |  Target | Estimated| Uncertainty|
    +--------+---------+----------+------------+
    |ap_clk  | 3.33 ns | 2.433 ns |   0.90 ns  |
    +--------+---------+----------+------------+

+ Latency: 
    * Summary: 
    +---------+---------+----------+----------+-----+-----+---------+
    |  Latency (cycles) |  Latency (absolute) |  Interval | Pipeline|
    |   min   |   max   |    min   |    max   | min | max |   Type  |
    +---------+---------+----------+----------+-----+-----+---------+
    |        ?|        ?|         ?|         ?|    ?|    ?|   none  |
    +---------+---------+----------+----------+-----+-----+---------+

    + Detail: 
        * Instance: 
        N/A

        * Loop: 
        +-------------------+---------+---------+----------+-----------+-----------+------+----------+
        |                   |  Latency (cycles) | Iteration|  Initiation Interval  | Trip |          |
        |     Loop Name     |   min   |   max   |  Latency |  achieved |   target  | Count| Pipelined|
        +-------------------+---------+---------+----------+-----------+-----------+------+----------+
        |- VITIS_LOOP_19_1  |        ?|        ?|         3|          1|          1|     ?|    yes   |
        +-------------------+---------+---------+----------+-----------+-----------+------+----------+



================================================================
== Utilization Estimates
================================================================
* Summary: 
+---------------------+---------+------+---------+---------+-----+
|         Name        | BRAM_18K|  DSP |    FF   |   LUT   | URAM|
+---------------------+---------+------+---------+---------+-----+
|DSP                  |        -|     -|        -|        -|    -|
|Expression           |        -|     -|        0|       83|    -|
|FIFO                 |        -|     -|        -|        -|    -|
|Instance             |        8|     -|      795|     1083|    -|
|Memory               |        -|     -|        -|        -|    -|
|Multiplexer          |        -|     -|        -|      383|    -|
|Register             |        -|     -|      175|        -|    -|
+---------------------+---------+------+---------+---------+-----+
|Total                |        8|     0|      970|     1549|    0|
+---------------------+---------+------+---------+---------+-----+
|Available SLR        |     1440|  2280|   788160|   394080|  320|
+---------------------+---------+------+---------+---------+-----+
|Utilization SLR (%)  |    ~0   |     0|    ~0   |    ~0   |    0|
+---------------------+---------+------+---------+---------+-----+
|Available            |     4320|  6840|  2364480|  1182240|  960|
+---------------------+---------+------+---------+---------+-----+
|Utilization (%)      |    ~0   |     0|    ~0   |    ~0   |    0|
+---------------------+---------+------+---------+---------+-----+

+ Detail: 
    * Instance: 
    +-----------------+---------------+---------+----+-----+-----+-----+
    |     Instance    |     Module    | BRAM_18K| DSP|  FF | LUT | URAM|
    +-----------------+---------------+---------+----+-----+-----+-----+
    |control_s_axi_U  |control_s_axi  |        0|   0|  182|  296|    0|
    |gmem_m_axi_U     |gmem_m_axi     |        8|   0|  613|  787|    0|
    +-----------------+---------------+---------+----+-----+-----+-----+
    |Total            |               |        8|   0|  795| 1083|    0|
    +-----------------+---------------+---------+----+-----+-----+-----+

    * DSP: 
    N/A

    * Memory: 
    N/A

    * FIFO: 
    N/A

    * Expression: 
    +-----------------------------------+----------+----+---+----+------------+------------+
    |           Variable Name           | Operation| DSP| FF| LUT| Bitwidth P0| Bitwidth P1|
    +-----------------------------------+----------+----+---+----+------------+------------+
    |add_ln695_fu_171_p2                |     +    |   0|  0|  39|          32|           1|
    |ap_block_pp0_stage0_01001          |    and   |   0|  0|   2|           1|           1|
    |ap_block_state73_io                |    and   |   0|  0|   2|           1|           1|
    |ap_block_state73_pp0_stage0_iter1  |    and   |   0|  0|   2|           1|           1|
    |ap_block_state74_io                |    and   |   0|  0|   2|           1|           1|
    |ap_ext_blocking_cur_n              |    and   |   0|  0|   2|           1|           1|
    |ap_ext_blocking_n                  |    and   |   0|  0|   2|           1|           2|
    |ap_int_blocking_n                  |    and   |   0|  0|   2|           2|           2|
    |ap_str_blocking_cur_n              |    and   |   0|  0|   2|           1|           0|
    |ap_str_blocking_n                  |    and   |   0|  0|   2|           1|           2|
    |icmp_ln882_fu_166_p2               |   icmp   |   0|  0|  20|          32|          32|
    |ap_block_pp0_stage0_11001          |    or    |   0|  0|   2|           1|           1|
    |ap_enable_pp0                      |    xor   |   0|  0|   2|           1|           2|
    |ap_enable_reg_pp0_iter1            |    xor   |   0|  0|   2|           2|           1|
    +-----------------------------------+----------+----+---+----+------------+------------+
    |Total                              |          |   0|  0|  83|          78|          48|
    +-----------------------------------+----------+----+---+----+------------+------------+

    * Multiplexer: 
    +---------------------------------+-----+-----------+-----+-----------+
    |               Name              | LUT | Input Size| Bits| Total Bits|
    +---------------------------------+-----+-----------+-----+-----------+
    |ap_NS_fsm                        |  329|         74|    1|         74|
    |ap_enable_reg_pp0_iter1          |    9|          2|    1|          2|
    |ap_enable_reg_pp0_iter2          |    9|          2|    1|          2|
    |ethernet_stream_out_TDATA_blk_n  |    9|          2|    1|          2|
    |gmem_blk_n_AR                    |    9|          2|    1|          2|
    |gmem_blk_n_R                     |    9|          2|    1|          2|
    |indvars_iv_reg_135               |    9|          2|   32|         64|
    +---------------------------------+-----+-----------+-----+-----------+
    |Total                            |  383|         86|   38|        148|
    +---------------------------------+-----+-----------+-----+-----------+

    * Register: 
    +----------------------------------+----+----+-----+-----------+
    |               Name               | FF | LUT| Bits| Const Bits|
    +----------------------------------+----+----+-----+-----------+
    |ap_CS_fsm                         |  73|   0|   73|          0|
    |ap_enable_reg_pp0_iter0           |   1|   0|    1|          0|
    |ap_enable_reg_pp0_iter1           |   1|   0|    1|          0|
    |ap_enable_reg_pp0_iter2           |   1|   0|    1|          0|
    |ap_ext_blocking_n_reg             |   1|   0|    1|          0|
    |ap_int_blocking_n_reg             |   0|   0|    1|          1|
    |ap_rst_n_inv                      |   1|   0|    1|          0|
    |ap_rst_reg_1                      |   1|   0|    1|          0|
    |ap_rst_reg_2                      |   1|   0|    1|          0|
    |ap_str_blocking_n_reg             |   1|   0|    1|          0|
    |icmp_ln882_reg_230                |   1|   0|    1|          0|
    |icmp_ln882_reg_230_pp0_iter1_reg  |   1|   0|    1|          0|
    |indvars_iv_reg_135                |  32|   0|   32|          0|
    |trunc_ln_reg_219                  |  60|   0|   60|          0|
    +----------------------------------+----+----+-----+-----------+
    |Total                             | 175|   0|  176|          1|
    +----------------------------------+----+----+-----+-----------+



================================================================
== Interface
================================================================
* Summary: 
+----------------------------+-----+-----+------------+------------------------------+--------------+
|          RTL Ports         | Dir | Bits|  Protocol  |         Source Object        |    C Type    |
+----------------------------+-----+-----+------------+------------------------------+--------------+
|s_axi_control_AWVALID       |  in |    1|    s_axi   |            control           |  return void |
|s_axi_control_AWREADY       | out |    1|    s_axi   |            control           |  return void |
|s_axi_control_AWADDR        |  in |    6|    s_axi   |            control           |  return void |
|s_axi_control_WVALID        |  in |    1|    s_axi   |            control           |  return void |
|s_axi_control_WREADY        | out |    1|    s_axi   |            control           |  return void |
|s_axi_control_WDATA         |  in |   32|    s_axi   |            control           |  return void |
|s_axi_control_WSTRB         |  in |    4|    s_axi   |            control           |  return void |
|s_axi_control_ARVALID       |  in |    1|    s_axi   |            control           |  return void |
|s_axi_control_ARREADY       | out |    1|    s_axi   |            control           |  return void |
|s_axi_control_ARADDR        |  in |    6|    s_axi   |            control           |  return void |
|s_axi_control_RVALID        | out |    1|    s_axi   |            control           |  return void |
|s_axi_control_RREADY        |  in |    1|    s_axi   |            control           |  return void |
|s_axi_control_RDATA         | out |   32|    s_axi   |            control           |  return void |
|s_axi_control_RRESP         | out |    2|    s_axi   |            control           |  return void |
|s_axi_control_BVALID        | out |    1|    s_axi   |            control           |  return void |
|s_axi_control_BREADY        |  in |    1|    s_axi   |            control           |  return void |
|s_axi_control_BRESP         | out |    2|    s_axi   |            control           |  return void |
|ap_clk                      |  in |    1| ap_ctrl_hs |           EthInTop           | return value |
|ap_rst_n                    |  in |    1| ap_ctrl_hs |           EthInTop           | return value |
|event_done                  | out |    1| ap_ctrl_hs |           EthInTop           | return value |
|interrupt                   | out |    1| ap_ctrl_hs |           EthInTop           | return value |
|event_start                 | out |    1| ap_ctrl_hs |           EthInTop           | return value |
|stall_start_ext             | out |    1| ap_ctrl_hs |           EthInTop           | return value |
|stall_done_ext              | out |    1| ap_ctrl_hs |           EthInTop           | return value |
|stall_start_str             | out |    1| ap_ctrl_hs |           EthInTop           | return value |
|stall_done_str              | out |    1| ap_ctrl_hs |           EthInTop           | return value |
|stall_start_int             | out |    1| ap_ctrl_hs |           EthInTop           | return value |
|stall_done_int              | out |    1| ap_ctrl_hs |           EthInTop           | return value |
|m_axi_gmem_AWVALID          | out |    1|    m_axi   |             gmem             |    pointer   |
|m_axi_gmem_AWREADY          |  in |    1|    m_axi   |             gmem             |    pointer   |
|m_axi_gmem_AWADDR           | out |   64|    m_axi   |             gmem             |    pointer   |
|m_axi_gmem_AWID             | out |    1|    m_axi   |             gmem             |    pointer   |
|m_axi_gmem_AWLEN            | out |    8|    m_axi   |             gmem             |    pointer   |
|m_axi_gmem_AWSIZE           | out |    3|    m_axi   |             gmem             |    pointer   |
|m_axi_gmem_AWBURST          | out |    2|    m_axi   |             gmem             |    pointer   |
|m_axi_gmem_AWLOCK           | out |    2|    m_axi   |             gmem             |    pointer   |
|m_axi_gmem_AWCACHE          | out |    4|    m_axi   |             gmem             |    pointer   |
|m_axi_gmem_AWPROT           | out |    3|    m_axi   |             gmem             |    pointer   |
|m_axi_gmem_AWQOS            | out |    4|    m_axi   |             gmem             |    pointer   |
|m_axi_gmem_AWREGION         | out |    4|    m_axi   |             gmem             |    pointer   |
|m_axi_gmem_AWUSER           | out |    1|    m_axi   |             gmem             |    pointer   |
|m_axi_gmem_WVALID           | out |    1|    m_axi   |             gmem             |    pointer   |
|m_axi_gmem_WREADY           |  in |    1|    m_axi   |             gmem             |    pointer   |
|m_axi_gmem_WDATA            | out |  128|    m_axi   |             gmem             |    pointer   |
|m_axi_gmem_WSTRB            | out |   16|    m_axi   |             gmem             |    pointer   |
|m_axi_gmem_WLAST            | out |    1|    m_axi   |             gmem             |    pointer   |
|m_axi_gmem_WID              | out |    1|    m_axi   |             gmem             |    pointer   |
|m_axi_gmem_WUSER            | out |    1|    m_axi   |             gmem             |    pointer   |
|m_axi_gmem_ARVALID          | out |    1|    m_axi   |             gmem             |    pointer   |
|m_axi_gmem_ARREADY          |  in |    1|    m_axi   |             gmem             |    pointer   |
|m_axi_gmem_ARADDR           | out |   64|    m_axi   |             gmem             |    pointer   |
|m_axi_gmem_ARID             | out |    1|    m_axi   |             gmem             |    pointer   |
|m_axi_gmem_ARLEN            | out |    8|    m_axi   |             gmem             |    pointer   |
|m_axi_gmem_ARSIZE           | out |    3|    m_axi   |             gmem             |    pointer   |
|m_axi_gmem_ARBURST          | out |    2|    m_axi   |             gmem             |    pointer   |
|m_axi_gmem_ARLOCK           | out |    2|    m_axi   |             gmem             |    pointer   |
|m_axi_gmem_ARCACHE          | out |    4|    m_axi   |             gmem             |    pointer   |
|m_axi_gmem_ARPROT           | out |    3|    m_axi   |             gmem             |    pointer   |
|m_axi_gmem_ARQOS            | out |    4|    m_axi   |             gmem             |    pointer   |
|m_axi_gmem_ARREGION         | out |    4|    m_axi   |             gmem             |    pointer   |
|m_axi_gmem_ARUSER           | out |    1|    m_axi   |             gmem             |    pointer   |
|m_axi_gmem_RVALID           |  in |    1|    m_axi   |             gmem             |    pointer   |
|m_axi_gmem_RREADY           | out |    1|    m_axi   |             gmem             |    pointer   |
|m_axi_gmem_RDATA            |  in |  128|    m_axi   |             gmem             |    pointer   |
|m_axi_gmem_RLAST            |  in |    1|    m_axi   |             gmem             |    pointer   |
|m_axi_gmem_RID              |  in |    1|    m_axi   |             gmem             |    pointer   |
|m_axi_gmem_RUSER            |  in |    1|    m_axi   |             gmem             |    pointer   |
|m_axi_gmem_RRESP            |  in |    2|    m_axi   |             gmem             |    pointer   |
|m_axi_gmem_BVALID           |  in |    1|    m_axi   |             gmem             |    pointer   |
|m_axi_gmem_BREADY           | out |    1|    m_axi   |             gmem             |    pointer   |
|m_axi_gmem_BRESP            |  in |    2|    m_axi   |             gmem             |    pointer   |
|m_axi_gmem_BID              |  in |    1|    m_axi   |             gmem             |    pointer   |
|m_axi_gmem_BUSER            |  in |    1|    m_axi   |             gmem             |    pointer   |
|ethernet_stream_out_TDATA   | out |   64|    axis    | ethernet_stream_out_V_data_V |    pointer   |
|ethernet_stream_out_TVALID  | out |    1|    axis    | ethernet_stream_out_V_last_V |    pointer   |
|ethernet_stream_out_TREADY  |  in |    1|    axis    | ethernet_stream_out_V_last_V |    pointer   |
|ethernet_stream_out_TLAST   | out |    1|    axis    | ethernet_stream_out_V_last_V |    pointer   |
|ethernet_stream_out_TKEEP   | out |    8|    axis    | ethernet_stream_out_V_keep_V |    pointer   |
|ethernet_stream_out_TSTRB   | out |    8|    axis    | ethernet_stream_out_V_strb_V |    pointer   |
+----------------------------+-----+-----+------------+------------------------------+--------------+

============================================================
+ Verbose Summary: Synthesis Manager
============================================================
InlineROM: 1
ExposeGlobal: 0
============================================================
+ Verbose Summary: CDFG Model
============================================================
IsTopModel: 1
ResetActiveHigh: 1
IsCombinational: 2
IsDatapathOnly: 2
HasWiredReturn: 1
HasMFsm: 0
HasVarLatency: 1
IsPipeline: 0
IsRtlPipelined: 0
IsInstanceOverlapped: 0
IsDontTouch: 0
HasImplIP: 0
IsGatedGlobalClock: 0

+ Individual pipeline summary: 
  * Pipeline-0: initiation interval (II) = 1, depth = 3


============================================================
+ Verbose Summary: Schedule
============================================================
* Number of FSM states : 75
* Pipeline : 1
  Pipeline-0 : II = 1, D = 3, States = { 72 73 74 }
* Dataflow Pipeline: 0

* FSM state transitions: 
1 --> 2 
2 --> 3 
3 --> 4 
4 --> 5 
5 --> 6 
6 --> 7 
7 --> 8 
8 --> 9 
9 --> 10 
10 --> 11 
11 --> 12 
12 --> 13 
13 --> 14 
14 --> 15 
15 --> 16 
16 --> 17 
17 --> 18 
18 --> 19 
19 --> 20 
20 --> 21 
21 --> 22 
22 --> 23 
23 --> 24 
24 --> 25 
25 --> 26 
26 --> 27 
27 --> 28 
28 --> 29 
29 --> 30 
30 --> 31 
31 --> 32 
32 --> 33 
33 --> 34 
34 --> 35 
35 --> 36 
36 --> 37 
37 --> 38 
38 --> 39 
39 --> 40 
40 --> 41 
41 --> 42 
42 --> 43 
43 --> 44 
44 --> 45 
45 --> 46 
46 --> 47 
47 --> 48 
48 --> 49 
49 --> 50 
50 --> 51 
51 --> 52 
52 --> 53 
53 --> 54 
54 --> 55 
55 --> 56 
56 --> 57 
57 --> 58 
58 --> 59 
59 --> 60 
60 --> 61 
61 --> 62 
62 --> 63 
63 --> 64 
64 --> 65 
65 --> 66 
66 --> 67 
67 --> 68 
68 --> 69 
69 --> 70 
70 --> 71 
71 --> 72 
72 --> 75 73 
73 --> 74 
74 --> 72 
75 --> 

* FSM state operations: 

State 1 <SV = 0> <Delay = 1.00>
ST_1 : Operation 76 [1/1] (1.00ns)   --->   "%buffSize_read = read i32 @_ssdm_op_Read.ap_none.i32, i32 %buffSize" [/root/okx/src/EthIn/EthInTop.cpp:10]   --->   Operation 76 'read' 'buffSize_read' <Predicate = true> <Delay = 1.00> <CoreInst = "s_axilite">   --->   Core 56 's_axilite' <Latency = 0> <II = 1> <Delay = 1.00> <Adapter> <Opcode : 'read' 'write'>
ST_1 : Operation 77 [1/1] (1.00ns)   --->   "%in_read = read i64 @_ssdm_op_Read.s_axilite.i64, i64 %in_r" [/root/okx/src/EthIn/EthInTop.cpp:10]   --->   Operation 77 'read' 'in_read' <Predicate = true> <Delay = 1.00> <CoreInst = "s_axilite">   --->   Core 56 's_axilite' <Latency = 0> <II = 1> <Delay = 1.00> <Adapter> <Opcode : 'read' 'write'>
ST_1 : Operation 78 [1/1] (0.00ns)   --->   "%trunc_ln = partselect i60 @_ssdm_op_PartSelect.i60.i64.i32.i32, i64 %in_read, i32, i32" [/root/okx/src/EthIn/EthInTop.cpp:19]   --->   Operation 78 'partselect' 'trunc_ln' <Predicate = true> <Delay = 0.00>

State 2 <SV = 1> <Delay = 2.43>
ST_2 : Operation 79 [1/1] (0.00ns)   --->   "%sext_ln542 = sext i60 %trunc_ln"   --->   Operation 79 'sext' 'sext_ln542' <Predicate = true> <Delay = 0.00>
ST_2 : Operation 80 [1/1] (0.00ns)   --->   "%gmem_addr = getelementptr i128 %gmem, i64 %sext_ln542"   --->   Operation 80 'getelementptr' 'gmem_addr' <Predicate = true> <Delay = 0.00>
ST_2 : Operation 81 [70/70] (2.43ns)   --->   "%gmem_addr_1_rd_req = readreq i1 @_ssdm_op_ReadReq.m_axi.i128P, i64 %gmem_addr, i32 %buffSize_read"   --->   Operation 81 'readreq' 'gmem_addr_1_rd_req' <Predicate = true> <Delay = 2.43> <CoreInst = "m_axi">   --->   Core 55 'm_axi' <Latency = 6> <II = 1> <Delay = 1.00> <Adapter> <Opcode : 'read' 'write' 'readreq' 'writereq' 'writeresp'>

State 3 <SV = 2> <Delay = 2.43>
ST_3 : Operation 82 [69/70] (2.43ns)   --->   "%gmem_addr_1_rd_req = readreq i1 @_ssdm_op_ReadReq.m_axi.i128P, i64 %gmem_addr, i32 %buffSize_read"   --->   Operation 82 'readreq' 'gmem_addr_1_rd_req' <Predicate = true> <Delay = 2.43> <CoreInst = "m_axi">   --->   Core 55 'm_axi' <Latency = 6> <II = 1> <Delay = 1.00> <Adapter> <Opcode : 'read' 'write' 'readreq' 'writereq' 'writeresp'>

State 4 <SV = 3> <Delay = 2.43>
ST_4 : Operation 83 [68/70] (2.43ns)   --->   "%gmem_addr_1_rd_req = readreq i1 @_ssdm_op_ReadReq.m_axi.i128P, i64 %gmem_addr, i32 %buffSize_read"   --->   Operation 83 'readreq' 'gmem_addr_1_rd_req' <Predicate = true> <Delay = 2.43> <CoreInst = "m_axi">   --->   Core 55 'm_axi' <Latency = 6> <II = 1> <Delay = 1.00> <Adapter> <Opcode : 'read' 'write' 'readreq' 'writereq' 'writeresp'>

State 5 <SV = 4> <Delay = 2.43>
ST_5 : Operation 84 [67/70] (2.43ns)   --->   "%gmem_addr_1_rd_req = readreq i1 @_ssdm_op_ReadReq.m_axi.i128P, i64 %gmem_addr, i32 %buffSize_read"   --->   Operation 84 'readreq' 'gmem_addr_1_rd_req' <Predicate = true> <Delay = 2.43> <CoreInst = "m_axi">   --->   Core 55 'm_axi' <Latency = 6> <II = 1> <Delay = 1.00> <Adapter> <Opcode : 'read' 'write' 'readreq' 'writereq' 'writeresp'>

State 6 <SV = 5> <Delay = 2.43>
ST_6 : Operation 85 [66/70] (2.43ns)   --->   "%gmem_addr_1_rd_req = readreq i1 @_ssdm_op_ReadReq.m_axi.i128P, i64 %gmem_addr, i32 %buffSize_read"   --->   Operation 85 'readreq' 'gmem_addr_1_rd_req' <Predicate = true> <Delay = 2.43> <CoreInst = "m_axi">   --->   Core 55 'm_axi' <Latency = 6> <II = 1> <Delay = 1.00> <Adapter> <Opcode : 'read' 'write' 'readreq' 'writereq' 'writeresp'>

State 7 <SV = 6> <Delay = 2.43>
ST_7 : Operation 86 [65/70] (2.43ns)   --->   "%gmem_addr_1_rd_req = readreq i1 @_ssdm_op_ReadReq.m_axi.i128P, i64 %gmem_addr, i32 %buffSize_read"   --->   Operation 86 'readreq' 'gmem_addr_1_rd_req' <Predicate = true> <Delay = 2.43> <CoreInst = "m_axi">   --->   Core 55 'm_axi' <Latency = 6> <II = 1> <Delay = 1.00> <Adapter> <Opcode : 'read' 'write' 'readreq' 'writereq' 'writeresp'>

State 8 <SV = 7> <Delay = 2.43>
ST_8 : Operation 87 [64/70] (2.43ns)   --->   "%gmem_addr_1_rd_req = readreq i1 @_ssdm_op_ReadReq.m_axi.i128P, i64 %gmem_addr, i32 %buffSize_read"   --->   Operation 87 'readreq' 'gmem_addr_1_rd_req' <Predicate = true> <Delay = 2.43> <CoreInst = "m_axi">   --->   Core 55 'm_axi' <Latency = 6> <II = 1> <Delay = 1.00> <Adapter> <Opcode : 'read' 'write' 'readreq' 'writereq' 'writeresp'>

State 9 <SV = 8> <Delay = 2.43>
ST_9 : Operation 88 [63/70] (2.43ns)   --->   "%gmem_addr_1_rd_req = readreq i1 @_ssdm_op_ReadReq.m_axi.i128P, i64 %gmem_addr, i32 %buffSize_read"   --->   Operation 88 'readreq' 'gmem_addr_1_rd_req' <Predicate = true> <Delay = 2.43> <CoreInst = "m_axi">   --->   Core 55 'm_axi' <Latency = 6> <II = 1> <Delay = 1.00> <Adapter> <Opcode : 'read' 'write' 'readreq' 'writereq' 'writeresp'>

State 10 <SV = 9> <Delay = 2.43>
ST_10 : Operation 89 [62/70] (2.43ns)   --->   "%gmem_addr_1_rd_req = readreq i1 @_ssdm_op_ReadReq.m_axi.i128P, i64 %gmem_addr, i32 %buffSize_read"   --->   Operation 89 'readreq' 'gmem_addr_1_rd_req' <Predicate = true> <Delay = 2.43> <CoreInst = "m_axi">   --->   Core 55 'm_axi' <Latency = 6> <II = 1> <Delay = 1.00> <Adapter> <Opcode : 'read' 'write' 'readreq' 'writereq' 'writeresp'>

State 11 <SV = 10> <Delay = 2.43>
ST_11 : Operation 90 [61/70] (2.43ns)   --->   "%gmem_addr_1_rd_req = readreq i1 @_ssdm_op_ReadReq.m_axi.i128P, i64 %gmem_addr, i32 %buffSize_read"   --->   Operation 90 'readreq' 'gmem_addr_1_rd_req' <Predicate = true> <Delay = 2.43> <CoreInst = "m_axi">   --->   Core 55 'm_axi' <Latency = 6> <II = 1> <Delay = 1.00> <Adapter> <Opcode : 'read' 'write' 'readreq' 'writereq' 'writeresp'>

State 12 <SV = 11> <Delay = 2.43>
ST_12 : Operation 91 [60/70] (2.43ns)   --->   "%gmem_addr_1_rd_req = readreq i1 @_ssdm_op_ReadReq.m_axi.i128P, i64 %gmem_addr, i32 %buffSize_read"   --->   Operation 91 'readreq' 'gmem_addr_1_rd_req' <Predicate = true> <Delay = 2.43> <CoreInst = "m_axi">   --->   Core 55 'm_axi' <Latency = 6> <II = 1> <Delay = 1.00> <Adapter> <Opcode : 'read' 'write' 'readreq' 'writereq' 'writeresp'>

State 13 <SV = 12> <Delay = 2.43>
ST_13 : Operation 92 [59/70] (2.43ns)   --->   "%gmem_addr_1_rd_req = readreq i1 @_ssdm_op_ReadReq.m_axi.i128P, i64 %gmem_addr, i32 %buffSize_read"   --->   Operation 92 'readreq' 'gmem_addr_1_rd_req' <Predicate = true> <Delay = 2.43> <CoreInst = "m_axi">   --->   Core 55 'm_axi' <Latency = 6> <II = 1> <Delay = 1.00> <Adapter> <Opcode : 'read' 'write' 'readreq' 'writereq' 'writeresp'>

State 14 <SV = 13> <Delay = 2.43>
ST_14 : Operation 93 [58/70] (2.43ns)   --->   "%gmem_addr_1_rd_req = readreq i1 @_ssdm_op_ReadReq.m_axi.i128P, i64 %gmem_addr, i32 %buffSize_read"   --->   Operation 93 'readreq' 'gmem_addr_1_rd_req' <Predicate = true> <Delay = 2.43> <CoreInst = "m_axi">   --->   Core 55 'm_axi' <Latency = 6> <II = 1> <Delay = 1.00> <Adapter> <Opcode : 'read' 'write' 'readreq' 'writereq' 'writeresp'>

State 15 <SV = 14> <Delay = 2.43>
ST_15 : Operation 94 [57/70] (2.43ns)   --->   "%gmem_addr_1_rd_req = readreq i1 @_ssdm_op_ReadReq.m_axi.i128P, i64 %gmem_addr, i32 %buffSize_read"   --->   Operation 94 'readreq' 'gmem_addr_1_rd_req' <Predicate = true> <Delay = 2.43> <CoreInst = "m_axi">   --->   Core 55 'm_axi' <Latency = 6> <II = 1> <Delay = 1.00> <Adapter> <Opcode : 'read' 'write' 'readreq' 'writereq' 'writeresp'>

State 16 <SV = 15> <Delay = 2.43>
ST_16 : Operation 95 [56/70] (2.43ns)   --->   "%gmem_addr_1_rd_req = readreq i1 @_ssdm_op_ReadReq.m_axi.i128P, i64 %gmem_addr, i32 %buffSize_read"   --->   Operation 95 'readreq' 'gmem_addr_1_rd_req' <Predicate = true> <Delay = 2.43> <CoreInst = "m_axi">   --->   Core 55 'm_axi' <Latency = 6> <II = 1> <Delay = 1.00> <Adapter> <Opcode : 'read' 'write' 'readreq' 'writereq' 'writeresp'>

State 17 <SV = 16> <Delay = 2.43>
ST_17 : Operation 96 [55/70] (2.43ns)   --->   "%gmem_addr_1_rd_req = readreq i1 @_ssdm_op_ReadReq.m_axi.i128P, i64 %gmem_addr, i32 %buffSize_read"   --->   Operation 96 'readreq' 'gmem_addr_1_rd_req' <Predicate = true> <Delay = 2.43> <CoreInst = "m_axi">   --->   Core 55 'm_axi' <Latency = 6> <II = 1> <Delay = 1.00> <Adapter> <Opcode : 'read' 'write' 'readreq' 'writereq' 'writeresp'>

State 18 <SV = 17> <Delay = 2.43>
ST_18 : Operation 97 [54/70] (2.43ns)   --->   "%gmem_addr_1_rd_req = readreq i1 @_ssdm_op_ReadReq.m_axi.i128P, i64 %gmem_addr, i32 %buffSize_read"   --->   Operation 97 'readreq' 'gmem_addr_1_rd_req' <Predicate = true> <Delay = 2.43> <CoreInst = "m_axi">   --->   Core 55 'm_axi' <Latency = 6> <II = 1> <Delay = 1.00> <Adapter> <Opcode : 'read' 'write' 'readreq' 'writereq' 'writeresp'>

State 19 <SV = 18> <Delay = 2.43>
ST_19 : Operation 98 [53/70] (2.43ns)   --->   "%gmem_addr_1_rd_req = readreq i1 @_ssdm_op_ReadReq.m_axi.i128P, i64 %gmem_addr, i32 %buffSize_read"   --->   Operation 98 'readreq' 'gmem_addr_1_rd_req' <Predicate = true> <Delay = 2.43> <CoreInst = "m_axi">   --->   Core 55 'm_axi' <Latency = 6> <II = 1> <Delay = 1.00> <Adapter> <Opcode : 'read' 'write' 'readreq' 'writereq' 'writeresp'>

State 20 <SV = 19> <Delay = 2.43>
ST_20 : Operation 99 [52/70] (2.43ns)   --->   "%gmem_addr_1_rd_req = readreq i1 @_ssdm_op_ReadReq.m_axi.i128P, i64 %gmem_addr, i32 %buffSize_read"   --->   Operation 99 'readreq' 'gmem_addr_1_rd_req' <Predicate = true> <Delay = 2.43> <CoreInst = "m_axi">   --->   Core 55 'm_axi' <Latency = 6> <II = 1> <Delay = 1.00> <Adapter> <Opcode : 'read' 'write' 'readreq' 'writereq' 'writeresp'>

State 21 <SV = 20> <Delay = 2.43>
ST_21 : Operation 100 [51/70] (2.43ns)   --->   "%gmem_addr_1_rd_req = readreq i1 @_ssdm_op_ReadReq.m_axi.i128P, i64 %gmem_addr, i32 %buffSize_read"   --->   Operation 100 'readreq' 'gmem_addr_1_rd_req' <Predicate = true> <Delay = 2.43> <CoreInst = "m_axi">   --->   Core 55 'm_axi' <Latency = 6> <II = 1> <Delay = 1.00> <Adapter> <Opcode : 'read' 'write' 'readreq' 'writereq' 'writeresp'>

State 22 <SV = 21> <Delay = 2.43>
ST_22 : Operation 101 [50/70] (2.43ns)   --->   "%gmem_addr_1_rd_req = readreq i1 @_ssdm_op_ReadReq.m_axi.i128P, i64 %gmem_addr, i32 %buffSize_read"   --->   Operation 101 'readreq' 'gmem_addr_1_rd_req' <Predicate = true> <Delay = 2.43> <CoreInst = "m_axi">   --->   Core 55 'm_axi' <Latency = 6> <II = 1> <Delay = 1.00> <Adapter> <Opcode : 'read' 'write' 'readreq' 'writereq' 'writeresp'>

State 23 <SV = 22> <Delay = 2.43>
ST_23 : Operation 102 [49/70] (2.43ns)   --->   "%gmem_addr_1_rd_req = readreq i1 @_ssdm_op_ReadReq.m_axi.i128P, i64 %gmem_addr, i32 %buffSize_read"   --->   Operation 102 'readreq' 'gmem_addr_1_rd_req' <Predicate = true> <Delay = 2.43> <CoreInst = "m_axi">   --->   Core 55 'm_axi' <Latency = 6> <II = 1> <Delay = 1.00> <Adapter> <Opcode : 'read' 'write' 'readreq' 'writereq' 'writeresp'>

State 24 <SV = 23> <Delay = 2.43>
ST_24 : Operation 103 [48/70] (2.43ns)   --->   "%gmem_addr_1_rd_req = readreq i1 @_ssdm_op_ReadReq.m_axi.i128P, i64 %gmem_addr, i32 %buffSize_read"   --->   Operation 103 'readreq' 'gmem_addr_1_rd_req' <Predicate = true> <Delay = 2.43> <CoreInst = "m_axi">   --->   Core 55 'm_axi' <Latency = 6> <II = 1> <Delay = 1.00> <Adapter> <Opcode : 'read' 'write' 'readreq' 'writereq' 'writeresp'>

State 25 <SV = 24> <Delay = 2.43>
ST_25 : Operation 104 [47/70] (2.43ns)   --->   "%gmem_addr_1_rd_req = readreq i1 @_ssdm_op_ReadReq.m_axi.i128P, i64 %gmem_addr, i32 %buffSize_read"   --->   Operation 104 'readreq' 'gmem_addr_1_rd_req' <Predicate = true> <Delay = 2.43> <CoreInst = "m_axi">   --->   Core 55 'm_axi' <Latency = 6> <II = 1> <Delay = 1.00> <Adapter> <Opcode : 'read' 'write' 'readreq' 'writereq' 'writeresp'>

State 26 <SV = 25> <Delay = 2.43>
ST_26 : Operation 105 [46/70] (2.43ns)   --->   "%gmem_addr_1_rd_req = readreq i1 @_ssdm_op_ReadReq.m_axi.i128P, i64 %gmem_addr, i32 %buffSize_read"   --->   Operation 105 'readreq' 'gmem_addr_1_rd_req' <Predicate = true> <Delay = 2.43> <CoreInst = "m_axi">   --->   Core 55 'm_axi' <Latency = 6> <II = 1> <Delay = 1.00> <Adapter> <Opcode : 'read' 'write' 'readreq' 'writereq' 'writeresp'>

State 27 <SV = 26> <Delay = 2.43>
ST_27 : Operation 106 [45/70] (2.43ns)   --->   "%gmem_addr_1_rd_req = readreq i1 @_ssdm_op_ReadReq.m_axi.i128P, i64 %gmem_addr, i32 %buffSize_read"   --->   Operation 106 'readreq' 'gmem_addr_1_rd_req' <Predicate = true> <Delay = 2.43> <CoreInst = "m_axi">   --->   Core 55 'm_axi' <Latency = 6> <II = 1> <Delay = 1.00> <Adapter> <Opcode : 'read' 'write' 'readreq' 'writereq' 'writeresp'>

State 28 <SV = 27> <Delay = 2.43>
ST_28 : Operation 107 [44/70] (2.43ns)   --->   "%gmem_addr_1_rd_req = readreq i1 @_ssdm_op_ReadReq.m_axi.i128P, i64 %gmem_addr, i32 %buffSize_read"   --->   Operation 107 'readreq' 'gmem_addr_1_rd_req' <Predicate = true> <Delay = 2.43> <CoreInst = "m_axi">   --->   Core 55 'm_axi' <Latency = 6> <II = 1> <Delay = 1.00> <Adapter> <Opcode : 'read' 'write' 'readreq' 'writereq' 'writeresp'>

State 29 <SV = 28> <Delay = 2.43>
ST_29 : Operation 108 [43/70] (2.43ns)   --->   "%gmem_addr_1_rd_req = readreq i1 @_ssdm_op_ReadReq.m_axi.i128P, i64 %gmem_addr, i32 %buffSize_read"   --->   Operation 108 'readreq' 'gmem_addr_1_rd_req' <Predicate = true> <Delay = 2.43> <CoreInst = "m_axi">   --->   Core 55 'm_axi' <Latency = 6> <II = 1> <Delay = 1.00> <Adapter> <Opcode : 'read' 'write' 'readreq' 'writereq' 'writeresp'>

State 30 <SV = 29> <Delay = 2.43>
ST_30 : Operation 109 [42/70] (2.43ns)   --->   "%gmem_addr_1_rd_req = readreq i1 @_ssdm_op_ReadReq.m_axi.i128P, i64 %gmem_addr, i32 %buffSize_read"   --->   Operation 109 'readreq' 'gmem_addr_1_rd_req' <Predicate = true> <Delay = 2.43> <CoreInst = "m_axi">   --->   Core 55 'm_axi' <Latency = 6> <II = 1> <Delay = 1.00> <Adapter> <Opcode : 'read' 'write' 'readreq' 'writereq' 'writeresp'>

State 31 <SV = 30> <Delay = 2.43>
ST_31 : Operation 110 [41/70] (2.43ns)   --->   "%gmem_addr_1_rd_req = readreq i1 @_ssdm_op_ReadReq.m_axi.i128P, i64 %gmem_addr, i32 %buffSize_read"   --->   Operation 110 'readreq' 'gmem_addr_1_rd_req' <Predicate = true> <Delay = 2.43> <CoreInst = "m_axi">   --->   Core 55 'm_axi' <Latency = 6> <II = 1> <Delay = 1.00> <Adapter> <Opcode : 'read' 'write' 'readreq' 'writereq' 'writeresp'>

State 32 <SV = 31> <Delay = 2.43>
ST_32 : Operation 111 [40/70] (2.43ns)   --->   "%gmem_addr_1_rd_req = readreq i1 @_ssdm_op_ReadReq.m_axi.i128P, i64 %gmem_addr, i32 %buffSize_read"   --->   Operation 111 'readreq' 'gmem_addr_1_rd_req' <Predicate = true> <Delay = 2.43> <CoreInst = "m_axi">   --->   Core 55 'm_axi' <Latency = 6> <II = 1> <Delay = 1.00> <Adapter> <Opcode : 'read' 'write' 'readreq' 'writereq' 'writeresp'>

State 33 <SV = 32> <Delay = 2.43>
ST_33 : Operation 112 [39/70] (2.43ns)   --->   "%gmem_addr_1_rd_req = readreq i1 @_ssdm_op_ReadReq.m_axi.i128P, i64 %gmem_addr, i32 %buffSize_read"   --->   Operation 112 'readreq' 'gmem_addr_1_rd_req' <Predicate = true> <Delay = 2.43> <CoreInst = "m_axi">   --->   Core 55 'm_axi' <Latency = 6> <II = 1> <Delay = 1.00> <Adapter> <Opcode : 'read' 'write' 'readreq' 'writereq' 'writeresp'>

State 34 <SV = 33> <Delay = 2.43>
ST_34 : Operation 113 [38/70] (2.43ns)   --->   "%gmem_addr_1_rd_req = readreq i1 @_ssdm_op_ReadReq.m_axi.i128P, i64 %gmem_addr, i32 %buffSize_read"   --->   Operation 113 'readreq' 'gmem_addr_1_rd_req' <Predicate = true> <Delay = 2.43> <CoreInst = "m_axi">   --->   Core 55 'm_axi' <Latency = 6> <II = 1> <Delay = 1.00> <Adapter> <Opcode : 'read' 'write' 'readreq' 'writereq' 'writeresp'>

State 35 <SV = 34> <Delay = 2.43>
ST_35 : Operation 114 [37/70] (2.43ns)   --->   "%gmem_addr_1_rd_req = readreq i1 @_ssdm_op_ReadReq.m_axi.i128P, i64 %gmem_addr, i32 %buffSize_read"   --->   Operation 114 'readreq' 'gmem_addr_1_rd_req' <Predicate = true> <Delay = 2.43> <CoreInst = "m_axi">   --->   Core 55 'm_axi' <Latency = 6> <II = 1> <Delay = 1.00> <Adapter> <Opcode : 'read' 'write' 'readreq' 'writereq' 'writeresp'>

State 36 <SV = 35> <Delay = 2.43>
ST_36 : Operation 115 [36/70] (2.43ns)   --->   "%gmem_addr_1_rd_req = readreq i1 @_ssdm_op_ReadReq.m_axi.i128P, i64 %gmem_addr, i32 %buffSize_read"   --->   Operation 115 'readreq' 'gmem_addr_1_rd_req' <Predicate = true> <Delay = 2.43> <CoreInst = "m_axi">   --->   Core 55 'm_axi' <Latency = 6> <II = 1> <Delay = 1.00> <Adapter> <Opcode : 'read' 'write' 'readreq' 'writereq' 'writeresp'>

State 37 <SV = 36> <Delay = 2.43>
ST_37 : Operation 116 [35/70] (2.43ns)   --->   "%gmem_addr_1_rd_req = readreq i1 @_ssdm_op_ReadReq.m_axi.i128P, i64 %gmem_addr, i32 %buffSize_read"   --->   Operation 116 'readreq' 'gmem_addr_1_rd_req' <Predicate = true> <Delay = 2.43> <CoreInst = "m_axi">   --->   Core 55 'm_axi' <Latency = 6> <II = 1> <Delay = 1.00> <Adapter> <Opcode : 'read' 'write' 'readreq' 'writereq' 'writeresp'>

State 38 <SV = 37> <Delay = 2.43>
ST_38 : Operation 117 [34/70] (2.43ns)   --->   "%gmem_addr_1_rd_req = readreq i1 @_ssdm_op_ReadReq.m_axi.i128P, i64 %gmem_addr, i32 %buffSize_read"   --->   Operation 117 'readreq' 'gmem_addr_1_rd_req' <Predicate = true> <Delay = 2.43> <CoreInst = "m_axi">   --->   Core 55 'm_axi' <Latency = 6> <II = 1> <Delay = 1.00> <Adapter> <Opcode : 'read' 'write' 'readreq' 'writereq' 'writeresp'>

State 39 <SV = 38> <Delay = 2.43>
ST_39 : Operation 118 [33/70] (2.43ns)   --->   "%gmem_addr_1_rd_req = readreq i1 @_ssdm_op_ReadReq.m_axi.i128P, i64 %gmem_addr, i32 %buffSize_read"   --->   Operation 118 'readreq' 'gmem_addr_1_rd_req' <Predicate = true> <Delay = 2.43> <CoreInst = "m_axi">   --->   Core 55 'm_axi' <Latency = 6> <II = 1> <Delay = 1.00> <Adapter> <Opcode : 'read' 'write' 'readreq' 'writereq' 'writeresp'>

State 40 <SV = 39> <Delay = 2.43>
ST_40 : Operation 119 [32/70] (2.43ns)   --->   "%gmem_addr_1_rd_req = readreq i1 @_ssdm_op_ReadReq.m_axi.i128P, i64 %gmem_addr, i32 %buffSize_read"   --->   Operation 119 'readreq' 'gmem_addr_1_rd_req' <Predicate = true> <Delay = 2.43> <CoreInst = "m_axi">   --->   Core 55 'm_axi' <Latency = 6> <II = 1> <Delay = 1.00> <Adapter> <Opcode : 'read' 'write' 'readreq' 'writereq' 'writeresp'>

State 41 <SV = 40> <Delay = 2.43>
ST_41 : Operation 120 [31/70] (2.43ns)   --->   "%gmem_addr_1_rd_req = readreq i1 @_ssdm_op_ReadReq.m_axi.i128P, i64 %gmem_addr, i32 %buffSize_read"   --->   Operation 120 'readreq' 'gmem_addr_1_rd_req' <Predicate = true> <Delay = 2.43> <CoreInst = "m_axi">   --->   Core 55 'm_axi' <Latency = 6> <II = 1> <Delay = 1.00> <Adapter> <Opcode : 'read' 'write' 'readreq' 'writereq' 'writeresp'>

State 42 <SV = 41> <Delay = 2.43>
ST_42 : Operation 121 [30/70] (2.43ns)   --->   "%gmem_addr_1_rd_req = readreq i1 @_ssdm_op_ReadReq.m_axi.i128P, i64 %gmem_addr, i32 %buffSize_read"   --->   Operation 121 'readreq' 'gmem_addr_1_rd_req' <Predicate = true> <Delay = 2.43> <CoreInst = "m_axi">   --->   Core 55 'm_axi' <Latency = 6> <II = 1> <Delay = 1.00> <Adapter> <Opcode : 'read' 'write' 'readreq' 'writereq' 'writeresp'>

State 43 <SV = 42> <Delay = 2.43>
ST_43 : Operation 122 [29/70] (2.43ns)   --->   "%gmem_addr_1_rd_req = readreq i1 @_ssdm_op_ReadReq.m_axi.i128P, i64 %gmem_addr, i32 %buffSize_read"   --->   Operation 122 'readreq' 'gmem_addr_1_rd_req' <Predicate = true> <Delay = 2.43> <CoreInst = "m_axi">   --->   Core 55 'm_axi' <Latency = 6> <II = 1> <Delay = 1.00> <Adapter> <Opcode : 'read' 'write' 'readreq' 'writereq' 'writeresp'>

State 44 <SV = 43> <Delay = 2.43>
ST_44 : Operation 123 [28/70] (2.43ns)   --->   "%gmem_addr_1_rd_req = readreq i1 @_ssdm_op_ReadReq.m_axi.i128P, i64 %gmem_addr, i32 %buffSize_read"   --->   Operation 123 'readreq' 'gmem_addr_1_rd_req' <Predicate = true> <Delay = 2.43> <CoreInst = "m_axi">   --->   Core 55 'm_axi' <Latency = 6> <II = 1> <Delay = 1.00> <Adapter> <Opcode : 'read' 'write' 'readreq' 'writereq' 'writeresp'>

State 45 <SV = 44> <Delay = 2.43>
ST_45 : Operation 124 [27/70] (2.43ns)   --->   "%gmem_addr_1_rd_req = readreq i1 @_ssdm_op_ReadReq.m_axi.i128P, i64 %gmem_addr, i32 %buffSize_read"   --->   Operation 124 'readreq' 'gmem_addr_1_rd_req' <Predicate = true> <Delay = 2.43> <CoreInst = "m_axi">   --->   Core 55 'm_axi' <Latency = 6> <II = 1> <Delay = 1.00> <Adapter> <Opcode : 'read' 'write' 'readreq' 'writereq' 'writeresp'>

State 46 <SV = 45> <Delay = 2.43>
ST_46 : Operation 125 [26/70] (2.43ns)   --->   "%gmem_addr_1_rd_req = readreq i1 @_ssdm_op_ReadReq.m_axi.i128P, i64 %gmem_addr, i32 %buffSize_read"   --->   Operation 125 'readreq' 'gmem_addr_1_rd_req' <Predicate = true> <Delay = 2.43> <CoreInst = "m_axi">   --->   Core 55 'm_axi' <Latency = 6> <II = 1> <Delay = 1.00> <Adapter> <Opcode : 'read' 'write' 'readreq' 'writereq' 'writeresp'>

State 47 <SV = 46> <Delay = 2.43>
ST_47 : Operation 126 [25/70] (2.43ns)   --->   "%gmem_addr_1_rd_req = readreq i1 @_ssdm_op_ReadReq.m_axi.i128P, i64 %gmem_addr, i32 %buffSize_read"   --->   Operation 126 'readreq' 'gmem_addr_1_rd_req' <Predicate = true> <Delay = 2.43> <CoreInst = "m_axi">   --->   Core 55 'm_axi' <Latency = 6> <II = 1> <Delay = 1.00> <Adapter> <Opcode : 'read' 'write' 'readreq' 'writereq' 'writeresp'>

State 48 <SV = 47> <Delay = 2.43>
ST_48 : Operation 127 [24/70] (2.43ns)   --->   "%gmem_addr_1_rd_req = readreq i1 @_ssdm_op_ReadReq.m_axi.i128P, i64 %gmem_addr, i32 %buffSize_read"   --->   Operation 127 'readreq' 'gmem_addr_1_rd_req' <Predicate = true> <Delay = 2.43> <CoreInst = "m_axi">   --->   Core 55 'm_axi' <Latency = 6> <II = 1> <Delay = 1.00> <Adapter> <Opcode : 'read' 'write' 'readreq' 'writereq' 'writeresp'>

State 49 <SV = 48> <Delay = 2.43>
ST_49 : Operation 128 [23/70] (2.43ns)   --->   "%gmem_addr_1_rd_req = readreq i1 @_ssdm_op_ReadReq.m_axi.i128P, i64 %gmem_addr, i32 %buffSize_read"   --->   Operation 128 'readreq' 'gmem_addr_1_rd_req' <Predicate = true> <Delay = 2.43> <CoreInst = "m_axi">   --->   Core 55 'm_axi' <Latency = 6> <II = 1> <Delay = 1.00> <Adapter> <Opcode : 'read' 'write' 'readreq' 'writereq' 'writeresp'>

State 50 <SV = 49> <Delay = 2.43>
ST_50 : Operation 129 [22/70] (2.43ns)   --->   "%gmem_addr_1_rd_req = readreq i1 @_ssdm_op_ReadReq.m_axi.i128P, i64 %gmem_addr, i32 %buffSize_read"   --->   Operation 129 'readreq' 'gmem_addr_1_rd_req' <Predicate = true> <Delay = 2.43> <CoreInst = "m_axi">   --->   Core 55 'm_axi' <Latency = 6> <II = 1> <Delay = 1.00> <Adapter> <Opcode : 'read' 'write' 'readreq' 'writereq' 'writeresp'>

State 51 <SV = 50> <Delay = 2.43>
ST_51 : Operation 130 [21/70] (2.43ns)   --->   "%gmem_addr_1_rd_req = readreq i1 @_ssdm_op_ReadReq.m_axi.i128P, i64 %gmem_addr, i32 %buffSize_read"   --->   Operation 130 'readreq' 'gmem_addr_1_rd_req' <Predicate = true> <Delay = 2.43> <CoreInst = "m_axi">   --->   Core 55 'm_axi' <Latency = 6> <II = 1> <Delay = 1.00> <Adapter> <Opcode : 'read' 'write' 'readreq' 'writereq' 'writeresp'>

State 52 <SV = 51> <Delay = 2.43>
ST_52 : Operation 131 [20/70] (2.43ns)   --->   "%gmem_addr_1_rd_req = readreq i1 @_ssdm_op_ReadReq.m_axi.i128P, i64 %gmem_addr, i32 %buffSize_read"   --->   Operation 131 'readreq' 'gmem_addr_1_rd_req' <Predicate = true> <Delay = 2.43> <CoreInst = "m_axi">   --->   Core 55 'm_axi' <Latency = 6> <II = 1> <Delay = 1.00> <Adapter> <Opcode : 'read' 'write' 'readreq' 'writereq' 'writeresp'>

State 53 <SV = 52> <Delay = 2.43>
ST_53 : Operation 132 [19/70] (2.43ns)   --->   "%gmem_addr_1_rd_req = readreq i1 @_ssdm_op_ReadReq.m_axi.i128P, i64 %gmem_addr, i32 %buffSize_read"   --->   Operation 132 'readreq' 'gmem_addr_1_rd_req' <Predicate = true> <Delay = 2.43> <CoreInst = "m_axi">   --->   Core 55 'm_axi' <Latency = 6> <II = 1> <Delay = 1.00> <Adapter> <Opcode : 'read' 'write' 'readreq' 'writereq' 'writeresp'>

State 54 <SV = 53> <Delay = 2.43>
ST_54 : Operation 133 [18/70] (2.43ns)   --->   "%gmem_addr_1_rd_req = readreq i1 @_ssdm_op_ReadReq.m_axi.i128P, i64 %gmem_addr, i32 %buffSize_read"   --->   Operation 133 'readreq' 'gmem_addr_1_rd_req' <Predicate = true> <Delay = 2.43> <CoreInst = "m_axi">   --->   Core 55 'm_axi' <Latency = 6> <II = 1> <Delay = 1.00> <Adapter> <Opcode : 'read' 'write' 'readreq' 'writereq' 'writeresp'>

State 55 <SV = 54> <Delay = 2.43>
ST_55 : Operation 134 [17/70] (2.43ns)   --->   "%gmem_addr_1_rd_req = readreq i1 @_ssdm_op_ReadReq.m_axi.i128P, i64 %gmem_addr, i32 %buffSize_read"   --->   Operation 134 'readreq' 'gmem_addr_1_rd_req' <Predicate = true> <Delay = 2.43> <CoreInst = "m_axi">   --->   Core 55 'm_axi' <Latency = 6> <II = 1> <Delay = 1.00> <Adapter> <Opcode : 'read' 'write' 'readreq' 'writereq' 'writeresp'>

State 56 <SV = 55> <Delay = 2.43>
ST_56 : Operation 135 [16/70] (2.43ns)   --->   "%gmem_addr_1_rd_req = readreq i1 @_ssdm_op_ReadReq.m_axi.i128P, i64 %gmem_addr, i32 %buffSize_read"   --->   Operation 135 'readreq' 'gmem_addr_1_rd_req' <Predicate = true> <Delay = 2.43> <CoreInst = "m_axi">   --->   Core 55 'm_axi' <Latency = 6> <II = 1> <Delay = 1.00> <Adapter> <Opcode : 'read' 'write' 'readreq' 'writereq' 'writeresp'>

State 57 <SV = 56> <Delay = 2.43>
ST_57 : Operation 136 [15/70] (2.43ns)   --->   "%gmem_addr_1_rd_req = readreq i1 @_ssdm_op_ReadReq.m_axi.i128P, i64 %gmem_addr, i32 %buffSize_read"   --->   Operation 136 'readreq' 'gmem_addr_1_rd_req' <Predicate = true> <Delay = 2.43> <CoreInst = "m_axi">   --->   Core 55 'm_axi' <Latency = 6> <II = 1> <Delay = 1.00> <Adapter> <Opcode : 'read' 'write' 'readreq' 'writereq' 'writeresp'>

State 58 <SV = 57> <Delay = 2.43>
ST_58 : Operation 137 [14/70] (2.43ns)   --->   "%gmem_addr_1_rd_req = readreq i1 @_ssdm_op_ReadReq.m_axi.i128P, i64 %gmem_addr, i32 %buffSize_read"   --->   Operation 137 'readreq' 'gmem_addr_1_rd_req' <Predicate = true> <Delay = 2.43> <CoreInst = "m_axi">   --->   Core 55 'm_axi' <Latency = 6> <II = 1> <Delay = 1.00> <Adapter> <Opcode : 'read' 'write' 'readreq' 'writereq' 'writeresp'>

State 59 <SV = 58> <Delay = 2.43>
ST_59 : Operation 138 [13/70] (2.43ns)   --->   "%gmem_addr_1_rd_req = readreq i1 @_ssdm_op_ReadReq.m_axi.i128P, i64 %gmem_addr, i32 %buffSize_read"   --->   Operation 138 'readreq' 'gmem_addr_1_rd_req' <Predicate = true> <Delay = 2.43> <CoreInst = "m_axi">   --->   Core 55 'm_axi' <Latency = 6> <II = 1> <Delay = 1.00> <Adapter> <Opcode : 'read' 'write' 'readreq' 'writereq' 'writeresp'>

State 60 <SV = 59> <Delay = 2.43>
ST_60 : Operation 139 [12/70] (2.43ns)   --->   "%gmem_addr_1_rd_req = readreq i1 @_ssdm_op_ReadReq.m_axi.i128P, i64 %gmem_addr, i32 %buffSize_read"   --->   Operation 139 'readreq' 'gmem_addr_1_rd_req' <Predicate = true> <Delay = 2.43> <CoreInst = "m_axi">   --->   Core 55 'm_axi' <Latency = 6> <II = 1> <Delay = 1.00> <Adapter> <Opcode : 'read' 'write' 'readreq' 'writereq' 'writeresp'>

State 61 <SV = 60> <Delay = 2.43>
ST_61 : Operation 140 [11/70] (2.43ns)   --->   "%gmem_addr_1_rd_req = readreq i1 @_ssdm_op_ReadReq.m_axi.i128P, i64 %gmem_addr, i32 %buffSize_read"   --->   Operation 140 'readreq' 'gmem_addr_1_rd_req' <Predicate = true> <Delay = 2.43> <CoreInst = "m_axi">   --->   Core 55 'm_axi' <Latency = 6> <II = 1> <Delay = 1.00> <Adapter> <Opcode : 'read' 'write' 'readreq' 'writereq' 'writeresp'>

State 62 <SV = 61> <Delay = 2.43>
ST_62 : Operation 141 [10/70] (2.43ns)   --->   "%gmem_addr_1_rd_req = readreq i1 @_ssdm_op_ReadReq.m_axi.i128P, i64 %gmem_addr, i32 %buffSize_read"   --->   Operation 141 'readreq' 'gmem_addr_1_rd_req' <Predicate = true> <Delay = 2.43> <CoreInst = "m_axi">   --->   Core 55 'm_axi' <Latency = 6> <II = 1> <Delay = 1.00> <Adapter> <Opcode : 'read' 'write' 'readreq' 'writereq' 'writeresp'>

State 63 <SV = 62> <Delay = 2.43>
ST_63 : Operation 142 [9/70] (2.43ns)   --->   "%gmem_addr_1_rd_req = readreq i1 @_ssdm_op_ReadReq.m_axi.i128P, i64 %gmem_addr, i32 %buffSize_read"   --->   Operation 142 'readreq' 'gmem_addr_1_rd_req' <Predicate = true> <Delay = 2.43> <CoreInst = "m_axi">   --->   Core 55 'm_axi' <Latency = 6> <II = 1> <Delay = 1.00> <Adapter> <Opcode : 'read' 'write' 'readreq' 'writereq' 'writeresp'>

State 64 <SV = 63> <Delay = 2.43>
ST_64 : Operation 143 [8/70] (2.43ns)   --->   "%gmem_addr_1_rd_req = readreq i1 @_ssdm_op_ReadReq.m_axi.i128P, i64 %gmem_addr, i32 %buffSize_read"   --->   Operation 143 'readreq' 'gmem_addr_1_rd_req' <Predicate = true> <Delay = 2.43> <CoreInst = "m_axi">   --->   Core 55 'm_axi' <Latency = 6> <II = 1> <Delay = 1.00> <Adapter> <Opcode : 'read' 'write' 'readreq' 'writereq' 'writeresp'>

State 65 <SV = 64> <Delay = 2.43>
ST_65 : Operation 144 [7/70] (2.43ns)   --->   "%gmem_addr_1_rd_req = readreq i1 @_ssdm_op_ReadReq.m_axi.i128P, i64 %gmem_addr, i32 %buffSize_read"   --->   Operation 144 'readreq' 'gmem_addr_1_rd_req' <Predicate = true> <Delay = 2.43> <CoreInst = "m_axi">   --->   Core 55 'm_axi' <Latency = 6> <II = 1> <Delay = 1.00> <Adapter> <Opcode : 'read' 'write' 'readreq' 'writereq' 'writeresp'>

State 66 <SV = 65> <Delay = 2.43>
ST_66 : Operation 145 [6/70] (2.43ns)   --->   "%gmem_addr_1_rd_req = readreq i1 @_ssdm_op_ReadReq.m_axi.i128P, i64 %gmem_addr, i32 %buffSize_read"   --->   Operation 145 'readreq' 'gmem_addr_1_rd_req' <Predicate = true> <Delay = 2.43> <CoreInst = "m_axi">   --->   Core 55 'm_axi' <Latency = 6> <II = 1> <Delay = 1.00> <Adapter> <Opcode : 'read' 'write' 'readreq' 'writereq' 'writeresp'>

State 67 <SV = 66> <Delay = 2.43>
ST_67 : Operation 146 [5/70] (2.43ns)   --->   "%gmem_addr_1_rd_req = readreq i1 @_ssdm_op_ReadReq.m_axi.i128P, i64 %gmem_addr, i32 %buffSize_read"   --->   Operation 146 'readreq' 'gmem_addr_1_rd_req' <Predicate = true> <Delay = 2.43> <CoreInst = "m_axi">   --->   Core 55 'm_axi' <Latency = 6> <II = 1> <Delay = 1.00> <Adapter> <Opcode : 'read' 'write' 'readreq' 'writereq' 'writeresp'>

State 68 <SV = 67> <Delay = 2.43>
ST_68 : Operation 147 [4/70] (2.43ns)   --->   "%gmem_addr_1_rd_req = readreq i1 @_ssdm_op_ReadReq.m_axi.i128P, i64 %gmem_addr, i32 %buffSize_read"   --->   Operation 147 'readreq' 'gmem_addr_1_rd_req' <Predicate = true> <Delay = 2.43> <CoreInst = "m_axi">   --->   Core 55 'm_axi' <Latency = 6> <II = 1> <Delay = 1.00> <Adapter> <Opcode : 'read' 'write' 'readreq' 'writereq' 'writeresp'>

State 69 <SV = 68> <Delay = 2.43>
ST_69 : Operation 148 [3/70] (2.43ns)   --->   "%gmem_addr_1_rd_req = readreq i1 @_ssdm_op_ReadReq.m_axi.i128P, i64 %gmem_addr, i32 %buffSize_read"   --->   Operation 148 'readreq' 'gmem_addr_1_rd_req' <Predicate = true> <Delay = 2.43> <CoreInst = "m_axi">   --->   Core 55 'm_axi' <Latency = 6> <II = 1> <Delay = 1.00> <Adapter> <Opcode : 'read' 'write' 'readreq' 'writereq' 'writeresp'>

State 70 <SV = 69> <Delay = 2.43>
ST_70 : Operation 149 [2/70] (2.43ns)   --->   "%gmem_addr_1_rd_req = readreq i1 @_ssdm_op_ReadReq.m_axi.i128P, i64 %gmem_addr, i32 %buffSize_read"   --->   Operation 149 'readreq' 'gmem_addr_1_rd_req' <Predicate = true> <Delay = 2.43> <CoreInst = "m_axi">   --->   Core 55 'm_axi' <Latency = 6> <II = 1> <Delay = 1.00> <Adapter> <Opcode : 'read' 'write' 'readreq' 'writereq' 'writeresp'>

State 71 <SV = 70> <Delay = 2.43>
ST_71 : Operation 150 [1/1] (0.00ns)   --->   "%spectopmodule_ln0 = spectopmodule void @_ssdm_op_SpecTopModule, void @empty_5"   --->   Operation 150 'spectopmodule' 'spectopmodule_ln0' <Predicate = true> <Delay = 0.00>
ST_71 : Operation 151 [1/1] (0.00ns)   --->   "%specinterface_ln0 = specinterface void @_ssdm_op_SpecInterface, i32, void @empty_6, i32, i32, void @empty_8, i32, i32, void @empty_8, void @empty_8, void @empty_8, i32, i32, i32, i32, void @empty_8, void @empty_8"   --->   Operation 151 'specinterface' 'specinterface_ln0' <Predicate = true> <Delay = 0.00>
ST_71 : Operation 152 [1/1] (0.00ns)   --->   "%specinterface_ln0 = specinterface void @_ssdm_op_SpecInterface, i128 %gmem, void @empty_10, i32, i32, void @empty_8, i32, i32, void @empty_8, void @empty_8, void @empty_8, i32, i32, i32, i32, void @empty_8, void @empty_8"   --->   Operation 152 'specinterface' 'specinterface_ln0' <Predicate = true> <Delay = 0.00>
ST_71 : Operation 153 [1/1] (0.00ns)   --->   "%specbitsmap_ln0 = specbitsmap void @_ssdm_op_SpecBitsMap, i128 %gmem"   --->   Operation 153 'specbitsmap' 'specbitsmap_ln0' <Predicate = true> <Delay = 0.00>
ST_71 : Operation 154 [1/1] (0.00ns)   --->   "%specinterface_ln0 = specinterface void @_ssdm_op_SpecInterface, i64 %in_r, void @empty_12, i32, i32, void @empty_8, i32, i32, void @empty, void @empty_0, void @empty_8, i32, i32, i32, i32, void @empty_8, void @empty_1"   --->   Operation 154 'specinterface' 'specinterface_ln0' <Predicate = true> <Delay = 0.00>
ST_71 : Operation 155 [1/1] (0.00ns)   --->   "%specinterface_ln0 = specinterface void @_ssdm_op_SpecInterface, i64 %in_r, void @empty_9, i32, i32, void @empty_8, i32, i32, void @empty_8, void @empty_8, void @empty_8, i32, i32, i32, i32, void @empty_8, void @empty_1"   --->   Operation 155 'specinterface' 'specinterface_ln0' <Predicate = true> <Delay = 0.00>
ST_71 : Operation 156 [1/1] (0.00ns)   --->   "%specbitsmap_ln0 = specbitsmap void @_ssdm_op_SpecBitsMap, i32 %buffSize"   --->   Operation 156 'specbitsmap' 'specbitsmap_ln0' <Predicate = true> <Delay = 0.00>
ST_71 : Operation 157 [1/1] (0.00ns)   --->   "%specinterface_ln0 = specinterface void @_ssdm_op_SpecInterface, i32 %buffSize, void @empty_12, i32, i32, void @empty_8, i32, i32, void @empty, void @empty_2, void @empty_8, i32, i32, i32, i32, void @empty_8, void @empty_8"   --->   Operation 157 'specinterface' 'specinterface_ln0' <Predicate = true> <Delay = 0.00>
ST_71 : Operation 158 [1/1] (0.00ns)   --->   "%specinterface_ln0 = specinterface void @_ssdm_op_SpecInterface, i32 %buffSize, void @empty_3, i32, i32, void @empty_8, i32, i32, void @empty_8, void @empty_8, void @empty_8, i32, i32, i32, i32, void @empty_8, void @empty_8"   --->   Operation 158 'specinterface' 'specinterface_ln0' <Predicate = true> <Delay = 0.00>
ST_71 : Operation 159 [1/1] (0.00ns)   --->   "%specbitsmap_ln0 = specbitsmap void @_ssdm_op_SpecBitsMap, i32 %keep"   --->   Operation 159 'specbitsmap' 'specbitsmap_ln0' <Predicate = true> <Delay = 0.00>
ST_71 : Operation 160 [1/1] (0.00ns)   --->   "%specinterface_ln0 = specinterface void @_ssdm_op_SpecInterface, i32 %keep, void @empty_12, i32, i32, void @empty_8, i32, i32, void @empty, void @empty_11, void @empty_8, i32, i32, i32, i32, void @empty_8, void @empty_8"   --->   Operation 160 'specinterface' 'specinterface_ln0' <Predicate = true> <Delay = 0.00>
ST_71 : Operation 161 [1/1] (0.00ns)   --->   "%specinterface_ln0 = specinterface void @_ssdm_op_SpecInterface, i32 %keep, void @empty_3, i32, i32, void @empty_8, i32, i32, void @empty_8, void @empty_8, void @empty_8, i32, i32, i32, i32, void @empty_8, void @empty_8"   --->   Operation 161 'specinterface' 'specinterface_ln0' <Predicate = true> <Delay = 0.00>
ST_71 : Operation 162 [1/1] (0.00ns)   --->   "%specinterface_ln0 = specinterface void @_ssdm_op_SpecInterface, i64 %ethernet_stream_out_V_data_V, i8 %ethernet_stream_out_V_keep_V, i8 %ethernet_stream_out_V_strb_V, i1 %ethernet_stream_out_V_last_V, void @empty_13, i32, i32, void @empty_4, i32, i32, void @empty_8, void @empty_8, void @empty_8, i32, i32, i32, i32, void @empty_8, void @empty_8"   --->   Operation 162 'specinterface' 'specinterface_ln0' <Predicate = true> <Delay = 0.00>
ST_71 : Operation 163 [1/1] (0.00ns)   --->   "%specbitsmap_ln0 = specbitsmap void @_ssdm_op_SpecBitsMap, i64 %ethernet_stream_out_V_data_V"   --->   Operation 163 'specbitsmap' 'specbitsmap_ln0' <Predicate = true> <Delay = 0.00>
ST_71 : Operation 164 [1/1] (0.00ns)   --->   "%specbitsmap_ln0 = specbitsmap void @_ssdm_op_SpecBitsMap, i8 %ethernet_stream_out_V_keep_V"   --->   Operation 164 'specbitsmap' 'specbitsmap_ln0' <Predicate = true> <Delay = 0.00>
ST_71 : Operation 165 [1/1] (0.00ns)   --->   "%specbitsmap_ln0 = specbitsmap void @_ssdm_op_SpecBitsMap, i8 %ethernet_stream_out_V_strb_V"   --->   Operation 165 'specbitsmap' 'specbitsmap_ln0' <Predicate = true> <Delay = 0.00>
ST_71 : Operation 166 [1/1] (0.00ns)   --->   "%specbitsmap_ln0 = specbitsmap void @_ssdm_op_SpecBitsMap, i1 %ethernet_stream_out_V_last_V"   --->   Operation 166 'specbitsmap' 'specbitsmap_ln0' <Predicate = true> <Delay = 0.00>
ST_71 : Operation 167 [1/1] (0.00ns)   --->   "%specinterface_ln0 = specinterface void @_ssdm_op_SpecInterface, i32, void @empty_12, i32, i32, void @empty_8, i32, i32, void @empty, void @empty_8, void @empty_8, i32, i32, i32, i32, void @empty_8, void @empty_8"   --->   Operation 167 'specinterface' 'specinterface_ln0' <Predicate = true> <Delay = 0.00>
ST_71 : Operation 168 [1/70] (2.43ns)   --->   "%gmem_addr_1_rd_req = readreq i1 @_ssdm_op_ReadReq.m_axi.i128P, i64 %gmem_addr, i32 %buffSize_read"   --->   Operation 168 'readreq' 'gmem_addr_1_rd_req' <Predicate = true> <Delay = 2.43> <CoreInst = "m_axi">   --->   Core 55 'm_axi' <Latency = 6> <II = 1> <Delay = 1.00> <Adapter> <Opcode : 'read' 'write' 'readreq' 'writereq' 'writeresp'>
ST_71 : Operation 169 [1/1] (0.60ns)   --->   "%br_ln19 = br void %bb" [/root/okx/src/EthIn/EthInTop.cpp:19]   --->   Operation 169 'br' 'br_ln19' <Predicate = true> <Delay = 0.60>

State 72 <SV = 71> <Delay = 0.88>
ST_72 : Operation 170 [1/1] (0.00ns)   --->   "%indvars_iv = phi i32 %add_ln695, void %bb.split, i32, void %.lr.ph"   --->   Operation 170 'phi' 'indvars_iv' <Predicate = true> <Delay = 0.00>
ST_72 : Operation 171 [1/1] (0.00ns)   --->   "%specpipeline_ln0 = specpipeline void @_ssdm_op_SpecPipeline, i32, i32, i32, i32, void @p_str"   --->   Operation 171 'specpipeline' 'specpipeline_ln0' <Predicate = true> <Delay = 0.00>
ST_72 : Operation 172 [1/1] (0.85ns)   --->   "%icmp_ln882 = icmp_eq  i32 %indvars_iv, i32 %buffSize_read"   --->   Operation 172 'icmp' 'icmp_ln882' <Predicate = true> <Delay = 0.85> <CoreInst = "Cmp">   --->   Core 10 'Cmp' <Latency = 0> <II = 1> <Delay = 0.85> <FuncUnit> <Opcode : 'icmp'> <InPorts = 2> <OutPorts = 1>
ST_72 : Operation 173 [1/1] (0.88ns)   --->   "%add_ln695 = add i32 %indvars_iv, i32"   --->   Operation 173 'add' 'add_ln695' <Predicate = true> <Delay = 0.88> <CoreInst = "Adder">   --->   Core 1 'Adder' <Latency = 0> <II = 1> <Delay = 0.88> <FuncUnit> <Opcode : 'add' 'sub'> <InPorts = 2> <OutPorts = 1>
ST_72 : Operation 174 [1/1] (0.00ns)   --->   "%br_ln19 = br i1 %icmp_ln882, void %bb.split, void %._crit_edge.loopexit" [/root/okx/src/EthIn/EthInTop.cpp:19]   --->   Operation 174 'br' 'br_ln19' <Predicate = true> <Delay = 0.00>

State 73 <SV = 72> <Delay = 2.43>
ST_73 : Operation 175 [1/1] (2.43ns)   --->   "%gmem_addr_read = read i128 @_ssdm_op_Read.m_axi.i128P, i64 %gmem_addr, i1 %gmem_addr_1_rd_req"   --->   Operation 175 'read' 'gmem_addr_read' <Predicate = (!icmp_ln882)> <Delay = 2.43> <CoreInst = "m_axi">   --->   Core 55 'm_axi' <Latency = 6> <II = 1> <Delay = 1.00> <Adapter> <Opcode : 'read' 'write' 'readreq' 'writereq' 'writeresp'>
ST_73 : Operation 176 [1/1] (0.00ns)   --->   "%tmp_data_V = trunc i128 %gmem_addr_read"   --->   Operation 176 'trunc' 'tmp_data_V' <Predicate = (!icmp_ln882)> <Delay = 0.00>
ST_73 : Operation 177 [1/1] (0.00ns)   --->   "%tmp_keep_V = partselect i8 @_ssdm_op_PartSelect.i8.i128.i32.i32, i128 %gmem_addr_read, i32, i32"   --->   Operation 177 'partselect' 'tmp_keep_V' <Predicate = (!icmp_ln882)> <Delay = 0.00>
ST_73 : Operation 178 [1/1] (0.00ns)   --->   "%tmp_strb_V = partselect i8 @_ssdm_op_PartSelect.i8.i128.i32.i32, i128 %gmem_addr_read, i32, i32"   --->   Operation 178 'partselect' 'tmp_strb_V' <Predicate = (!icmp_ln882)> <Delay = 0.00>
ST_73 : Operation 179 [1/1] (0.00ns)   --->   "%tmp_last_V = bitselect i1 @_ssdm_op_BitSelect.i1.i128.i32, i128 %gmem_addr_read, i32"   --->   Operation 179 'bitselect' 'tmp_last_V' <Predicate = (!icmp_ln882)> <Delay = 0.00>
ST_73 : Operation 180 [2/2] (0.00ns)   --->   "%write_ln543 = write void @_ssdm_op_Write.axis.volatile.i64P.i8P.i8P.i1P, i64 %ethernet_stream_out_V_data_V, i8 %ethernet_stream_out_V_keep_V, i8 %ethernet_stream_out_V_strb_V, i1 %ethernet_stream_out_V_last_V, i64 %tmp_data_V, i8 %tmp_keep_V, i8 %tmp_strb_V, i1 %tmp_last_V"   --->   Operation 180 'write' 'write_ln543' <Predicate = (!icmp_ln882)> <Delay = 0.00> <CoreInst = "axis">   --->   Core 57 'axis' <Latency = 0> <II = 1> <Delay = 1.00> <Adapter> <Opcode : >

State 74 <SV = 73> <Delay = 0.00>
ST_74 : Operation 181 [1/1] (0.00ns)   --->   "%specloopname_ln0 = specloopname void @_ssdm_op_SpecLoopName, void @empty_7"   --->   Operation 181 'specloopname' 'specloopname_ln0' <Predicate = (!icmp_ln882)> <Delay = 0.00>
ST_74 : Operation 182 [1/2] (0.00ns)   --->   "%write_ln543 = write void @_ssdm_op_Write.axis.volatile.i64P.i8P.i8P.i1P, i64 %ethernet_stream_out_V_data_V, i8 %ethernet_stream_out_V_keep_V, i8 %ethernet_stream_out_V_strb_V, i1 %ethernet_stream_out_V_last_V, i64 %tmp_data_V, i8 %tmp_keep_V, i8 %tmp_strb_V, i1 %tmp_last_V"   --->   Operation 182 'write' 'write_ln543' <Predicate = (!icmp_ln882)> <Delay = 0.00> <CoreInst = "axis">   --->   Core 57 'axis' <Latency = 0> <II = 1> <Delay = 1.00> <Adapter> <Opcode : >
ST_74 : Operation 183 [1/1] (0.00ns)   --->   "%br_ln0 = br void %bb"   --->   Operation 183 'br' 'br_ln0' <Predicate = (!icmp_ln882)> <Delay = 0.00>

State 75 <SV = 72> <Delay = 0.00>
ST_75 : Operation 184 [1/1] (0.00ns)   --->   "%ret_ln23 = ret" [/root/okx/src/EthIn/EthInTop.cpp:23]   --->   Operation 184 'ret' 'ret_ln23' <Predicate = true> <Delay = 0.00>


============================================================
+ Verbose Summary: Binding
============================================================
STG Binding: 
---------------- STG Properties BEGIN ----------------
- Is combinational: 0
- Is one-state seq: 0
- Is datapath-only: 0
- Is pipelined: 0
- Is top level: 1
Port [ Return ] is wired: 1; IO mode=ap_ctrl_hs:ce=0
Port [ gmem]:  wired=1; compound=1; hidden=0; nouse=0; global=0; static=0; extern=0; dir=0; type=4; pingpong=0; private_global=0; IO mode=m_axi:ce=0
Port [ in_r]:  wired=1; compound=0; hidden=0; nouse=0; global=0; static=0; extern=0; dir=0; type=0; pingpong=0; private_global=0; IO mode=ap_none:ce=0
Port [ buffSize]:  wired=1; compound=0; hidden=0; nouse=0; global=0; static=0; extern=0; dir=0; type=0; pingpong=0; private_global=0; IO mode=ap_none:ce=0
Port [ keep]:  wired=1; compound=0; hidden=0; nouse=1; global=0; static=0; extern=0; dir=0; type=0; pingpong=0; private_global=0; IO mode=ap_none:ce=0
Port [ ethernet_stream_out_V_data_V]:  wired=1; compound=1; hidden=0; nouse=0; global=0; static=0; extern=0; dir=1; type=0; pingpong=0; private_global=0; IO mode=axis:ce=0
Port [ ethernet_stream_out_V_keep_V]:  wired=1; compound=1; hidden=0; nouse=0; global=0; static=0; extern=0; dir=1; type=0; pingpong=0; private_global=0; IO mode=axis:ce=0
Port [ ethernet_stream_out_V_strb_V]:  wired=1; compound=1; hidden=0; nouse=0; global=0; static=0; extern=0; dir=1; type=0; pingpong=0; private_global=0; IO mode=axis:ce=0
Port [ ethernet_stream_out_V_last_V]:  wired=1; compound=1; hidden=0; nouse=0; global=0; static=0; extern=0; dir=1; type=0; pingpong=0; private_global=0; IO mode=axis:ce=0
---------------- STG Properties END ------------------

---------------- Datapath Model BEGIN ----------------

<LifeTime>
<method=bitvector/>
buffSize_read      (read         ) [ 0011111111111111111111111111111111111111111111111111111111111111111111111110]
in_read            (read         ) [ 0000000000000000000000000000000000000000000000000000000000000000000000000000]
trunc_ln           (partselect   ) [ 0010000000000000000000000000000000000000000000000000000000000000000000000000]
sext_ln542         (sext         ) [ 0000000000000000000000000000000000000000000000000000000000000000000000000000]
gmem_addr          (getelementptr) [ 0001111111111111111111111111111111111111111111111111111111111111111111111110]
spectopmodule_ln0  (spectopmodule) [ 0000000000000000000000000000000000000000000000000000000000000000000000000000]
specinterface_ln0  (specinterface) [ 0000000000000000000000000000000000000000000000000000000000000000000000000000]
specinterface_ln0  (specinterface) [ 0000000000000000000000000000000000000000000000000000000000000000000000000000]
specbitsmap_ln0    (specbitsmap  ) [ 0000000000000000000000000000000000000000000000000000000000000000000000000000]
specinterface_ln0  (specinterface) [ 0000000000000000000000000000000000000000000000000000000000000000000000000000]
specinterface_ln0  (specinterface) [ 0000000000000000000000000000000000000000000000000000000000000000000000000000]
specbitsmap_ln0    (specbitsmap  ) [ 0000000000000000000000000000000000000000000000000000000000000000000000000000]
specinterface_ln0  (specinterface) [ 0000000000000000000000000000000000000000000000000000000000000000000000000000]
specinterface_ln0  (specinterface) [ 0000000000000000000000000000000000000000000000000000000000000000000000000000]
specbitsmap_ln0    (specbitsmap  ) [ 0000000000000000000000000000000000000000000000000000000000000000000000000000]
specinterface_ln0  (specinterface) [ 0000000000000000000000000000000000000000000000000000000000000000000000000000]
specinterface_ln0  (specinterface) [ 0000000000000000000000000000000000000000000000000000000000000000000000000000]
specinterface_ln0  (specinterface) [ 0000000000000000000000000000000000000000000000000000000000000000000000000000]
specbitsmap_ln0    (specbitsmap  ) [ 0000000000000000000000000000000000000000000000000000000000000000000000000000]
specbitsmap_ln0    (specbitsmap  ) [ 0000000000000000000000000000000000000000000000000000000000000000000000000000]
specbitsmap_ln0    (specbitsmap  ) [ 0000000000000000000000000000000000000000000000000000000000000000000000000000]
specbitsmap_ln0    (specbitsmap  ) [ 0000000000000000000000000000000000000000000000000000000000000000000000000000]
specinterface_ln0  (specinterface) [ 0000000000000000000000000000000000000000000000000000000000000000000000000000]
gmem_addr_1_rd_req (readreq      ) [ 0000000000000000000000000000000000000000000000000000000000000000000000000000]
br_ln19            (br           ) [ 0000000000000000000000000000000000000000000000000000000000000000000000011110]
indvars_iv         (phi          ) [ 0000000000000000000000000000000000000000000000000000000000000000000000001000]
specpipeline_ln0   (specpipeline ) [ 0000000000000000000000000000000000000000000000000000000000000000000000000000]
icmp_ln882         (icmp         ) [ 0000000000000000000000000000000000000000000000000000000000000000000000001110]
add_ln695          (add          ) [ 0000000000000000000000000000000000000000000000000000000000000000000000011110]
br_ln19            (br           ) [ 0000000000000000000000000000000000000000000000000000000000000000000000000000]
gmem_addr_read     (read         ) [ 0000000000000000000000000000000000000000000000000000000000000000000000000000]
tmp_data_V         (trunc        ) [ 0000000000000000000000000000000000000000000000000000000000000000000000001010]
tmp_keep_V         (partselect   ) [ 0000000000000000000000000000000000000000000000000000000000000000000000001010]
tmp_strb_V         (partselect   ) [ 0000000000000000000000000000000000000000000000000000000000000000000000001010]
tmp_last_V         (bitselect    ) [ 0000000000000000000000000000000000000000000000000000000000000000000000001010]
specloopname_ln0   (specloopname ) [ 0000000000000000000000000000000000000000000000000000000000000000000000000000]
write_ln543        (write        ) [ 0000000000000000000000000000000000000000000000000000000000000000000000000000]
br_ln0             (br           ) [ 0000000000000000000000000000000000000000000000000000000000000000000000011110]
ret_ln23           (ret          ) [ 0000000000000000000000000000000000000000000000000000000000000000000000000000]
</LifeTime>

<model>

<comp_list>
<comp id="0" class="1000" name="gmem">
<pin_list>
<pin id="1" dir="1" index="0" bw="1" slack="0"/>
</pin_list>
<bind>
<StgValue><ssdm name="gmem"/></StgValue>
</bind>
</comp>

<comp id="2" class="1000" name="in_r">
<pin_list>
<pin id="3" dir="1" index="0" bw="1" slack="0"/>
</pin_list>
<bind>
<StgValue><ssdm name="in_r"/></StgValue>
</bind>
</comp>

<comp id="4" class="1000" name="buffSize">
<pin_list>
<pin id="5" dir="1" index="0" bw="1" slack="0"/>
</pin_list>
<bind>
<StgValue><ssdm name="buffSize"/></StgValue>
</bind>
</comp>

<comp id="6" class="1000" name="keep">
<pin_list>
<pin id="7" dir="1" index="0" bw="1" slack="2147483647"/>
</pin_list>
<bind>
<StgValue><ssdm name="keep"/></StgValue>
</bind>
</comp>

<comp id="8" class="1000" name="ethernet_stream_out_V_data_V">
<pin_list>
<pin id="9" dir="1" index="0" bw="1" slack="0"/>
</pin_list>
<bind>
<StgValue><ssdm name="ethernet_stream_out_V_data_V"/></StgValue>
</bind>
</comp>

<comp id="10" class="1000" name="ethernet_stream_out_V_keep_V">
<pin_list>
<pin id="11" dir="1" index="0" bw="1" slack="0"/>
</pin_list>
<bind>
<StgValue><ssdm name="ethernet_stream_out_V_keep_V"/></StgValue>
</bind>
</comp>

<comp id="12" class="1000" name="ethernet_stream_out_V_strb_V">
<pin_list>
<pin id="13" dir="1" index="0" bw="1" slack="0"/>
</pin_list>
<bind>
<StgValue><ssdm name="ethernet_stream_out_V_strb_V"/></StgValue>
</bind>
</comp>

<comp id="14" class="1000" name="ethernet_stream_out_V_last_V">
<pin_list>
<pin id="15" dir="1" index="0" bw="1" slack="0"/>
</pin_list>
<bind>
<StgValue><ssdm name="ethernet_stream_out_V_last_V"/></StgValue>
</bind>
</comp>

<comp id="16" class="1001" name="const_16">
<pin_list>
<pin id="17" dir="1" index="0" bw="1" slack="0"/>
</pin_list>
<bind>
<StgValue><ssdm name="_ssdm_op_Read.ap_none.i32"/></StgValue>
</bind>
</comp>

<comp id="18" class="1001" name="const_18">
<pin_list>
<pin id="19" dir="1" index="0" bw="1" slack="0"/>
</pin_list>
<bind>
<StgValue><ssdm name="_ssdm_op_Read.s_axilite.i64"/></StgValue>
</bind>
</comp>

<comp id="20" class="1001" name="const_20">
<pin_list>
<pin id="21" dir="1" index="0" bw="1" slack="0"/>
</pin_list>
<bind>
<StgValue><ssdm name="_ssdm_op_PartSelect.i60.i64.i32.i32"/></StgValue>
</bind>
</comp>

<comp id="22" class="1001" name="const_22">
<pin_list>
<pin id="23" dir="1" index="0" bw="1" slack="0"/>
</pin_list>
<bind>
<StgValue><ssdm name=""/></StgValue>
</bind>
</comp>

<comp id="24" class="1001" name="const_24">
<pin_list>
<pin id="25" dir="1" index="0" bw="1" slack="0"/>
</pin_list>
<bind>
<StgValue><ssdm name=""/></StgValue>
</bind>
</comp>

<comp id="26" class="1001" name="const_26">
<pin_list>
<pin id="27" dir="1" index="0" bw="1" slack="0"/>
</pin_list>
<bind>
<StgValue><ssdm name="_ssdm_op_ReadReq.m_axi.i128P"/></StgValue>
</bind>
</comp>

<comp id="28" class="1001" name="const_28">
<pin_list>
<pin id="29" dir="1" index="0" bw="1" slack="2147483647"/>
</pin_list>
<bind>
<StgValue><ssdm name="_ssdm_op_SpecTopModule"/></StgValue>
</bind>
</comp>

<comp id="30" class="1001" name="const_30">
<pin_list>
<pin id="31" dir="1" index="0" bw="1" slack="2147483647"/>
</pin_list>
<bind>
<StgValue><ssdm name="empty_5"/></StgValue>
</bind>
</comp>

<comp id="32" class="1001" name="const_32">
<pin_list>
<pin id="33" dir="1" index="0" bw="1" slack="2147483647"/>
</pin_list>
<bind>
<StgValue><ssdm name="_ssdm_op_SpecInterface"/></StgValue>
</bind>
</comp>

<comp id="34" class="1001" name="const_34">
<pin_list>
<pin id="35" dir="1" index="0" bw="1" slack="1"/>
</pin_list>
<bind>
<StgValue><ssdm name=""/></StgValue>
</bind>
</comp>

<comp id="36" class="1001" name="const_36">
<pin_list>
<pin id="37" dir="1" index="0" bw="1" slack="2147483647"/>
</pin_list>
<bind>
<StgValue><ssdm name="empty_6"/></StgValue>
</bind>
</comp>

<comp id="38" class="1001" name="const_38">
<pin_list>
<pin id="39" dir="1" index="0" bw="1" slack="2147483647"/>
</pin_list>
<bind>
<StgValue><ssdm name="empty_8"/></StgValue>
</bind>
</comp>

<comp id="40" class="1001" name="const_40">
<pin_list>
<pin id="41" dir="1" index="0" bw="1" slack="2147483647"/>
</pin_list>
<bind>
<StgValue><ssdm name="empty_10"/></StgValue>
</bind>
</comp>

<comp id="42" class="1001" name="const_42">
<pin_list>
<pin id="43" dir="1" index="0" bw="1" slack="0"/>
</pin_list>
<bind>
<StgValue><ssdm name=""/></StgValue>
</bind>
</comp>

<comp id="44" class="1001" name="const_44">
<pin_list>
<pin id="45" dir="1" index="0" bw="1" slack="2147483647"/>
</pin_list>
<bind>
<StgValue><ssdm name=""/></StgValue>
</bind>
</comp>

<comp id="46" class="1001" name="const_46">
<pin_list>
<pin id="47" dir="1" index="0" bw="1" slack="2147483647"/>
</pin_list>
<bind>
<StgValue><ssdm name="_ssdm_op_SpecBitsMap"/></StgValue>
</bind>
</comp>

<comp id="48" class="1001" name="const_48">
<pin_list>
<pin id="49" dir="1" index="0" bw="1" slack="2147483647"/>
</pin_list>
<bind>
<StgValue><ssdm name="empty_12"/></StgValue>
</bind>
</comp>

<comp id="50" class="1001" name="const_50">
<pin_list>
<pin id="51" dir="1" index="0" bw="1" slack="2147483647"/>
</pin_list>
<bind>
<StgValue><ssdm name="empty"/></StgValue>
</bind>
</comp>

<comp id="52" class="1001" name="const_52">
<pin_list>
<pin id="53" dir="1" index="0" bw="1" slack="2147483647"/>
</pin_list>
<bind>
<StgValue><ssdm name="empty_0"/></StgValue>
</bind>
</comp>

<comp id="54" class="1001" name="const_54">
<pin_list>
<pin id="55" dir="1" index="0" bw="1" slack="2147483647"/>
</pin_list>
<bind>
<StgValue><ssdm name="empty_1"/></StgValue>
</bind>
</comp>

<comp id="56" class="1001" name="const_56">
<pin_list>
<pin id="57" dir="1" index="0" bw="1" slack="2147483647"/>
</pin_list>
<bind>
<StgValue><ssdm name="empty_9"/></StgValue>
</bind>
</comp>

<comp id="58" class="1001" name="const_58">
<pin_list>
<pin id="59" dir="1" index="0" bw="1" slack="2147483647"/>
</pin_list>
<bind>
<StgValue><ssdm name="empty_2"/></StgValue>
</bind>
</comp>

<comp id="60" class="1001" name="const_60">
<pin_list>
<pin id="61" dir="1" index="0" bw="1" slack="2147483647"/>
</pin_list>
<bind>
<StgValue><ssdm name="empty_3"/></StgValue>
</bind>
</comp>

<comp id="62" class="1001" name="const_62">
<pin_list>
<pin id="63" dir="1" index="0" bw="1" slack="2147483647"/>
</pin_list>
<bind>
<StgValue><ssdm name="empty_11"/></StgValue>
</bind>
</comp>

<comp id="64" class="1001" name="const_64">
<pin_list>
<pin id="65" dir="1" index="0" bw="1" slack="2147483647"/>
</pin_list>
<bind>
<StgValue><ssdm name="empty_13"/></StgValue>
</bind>
</comp>

<comp id="66" class="1001" name="const_66">
<pin_list>
<pin id="67" dir="1" index="0" bw="1" slack="0"/>
</pin_list>
<bind>
<StgValue><ssdm name=""/></StgValue>
</bind>
</comp>

<comp id="68" class="1001" name="const_68">
<pin_list>
<pin id="69" dir="1" index="0" bw="1" slack="2147483647"/>
</pin_list>
<bind>
<StgValue><ssdm name="empty_4"/></StgValue>
</bind>
</comp>

<comp id="70" class="1001" name="const_70">
<pin_list>
<pin id="71" dir="1" index="0" bw="1" slack="2147483647"/>
</pin_list>
<bind>
<StgValue><ssdm name="_ssdm_op_SpecPipeline"/></StgValue>
</bind>
</comp>

<comp id="72" class="1001" name="const_72">
<pin_list>
<pin id="73" dir="1" index="0" bw="1" slack="2147483647"/>
</pin_list>
<bind>
<StgValue><ssdm name=""/></StgValue>
</bind>
</comp>

<comp id="74" class="1001" name="const_74">
<pin_list>
<pin id="75" dir="1" index="0" bw="1" slack="2147483647"/>
</pin_list>
<bind>
<StgValue><ssdm name="p_str"/></StgValue>
</bind>
</comp>

<comp id="76" class="1001" name="const_76">
<pin_list>
<pin id="77" dir="1" index="0" bw="1" slack="0"/>
</pin_list>
<bind>
<StgValue><ssdm name="_ssdm_op_Read.m_axi.i128P"/></StgValue>
</bind>
</comp>

<comp id="78" class="1001" name="const_78">
<pin_list>
<pin id="79" dir="1" index="0" bw="1" slack="0"/>
</pin_list>
<bind>
<StgValue><ssdm name="_ssdm_op_PartSelect.i8.i128.i32.i32"/></StgValue>
</bind>
</comp>

<comp id="80" class="1001" name="const_80">
<pin_list>
<pin id="81" dir="1" index="0" bw="1" slack="0"/>
</pin_list>
<bind>
<StgValue><ssdm name=""/></StgValue>
</bind>
</comp>

<comp id="82" class="1001" name="const_82">
<pin_list>
<pin id="83" dir="1" index="0" bw="1" slack="0"/>
</pin_list>
<bind>
<StgValue><ssdm name=""/></StgValue>
</bind>
</comp>

<comp id="84" class="1001" name="const_84">
<pin_list>
<pin id="85" dir="1" index="0" bw="1" slack="0"/>
</pin_list>
<bind>
<StgValue><ssdm name=""/></StgValue>
</bind>
</comp>

<comp id="86" class="1001" name="const_86">
<pin_list>
<pin id="87" dir="1" index="0" bw="1" slack="0"/>
</pin_list>
<bind>
<StgValue><ssdm name="_ssdm_op_BitSelect.i1.i128.i32"/></StgValue>
</bind>
</comp>

<comp id="88" class="1001" name="const_88">
<pin_list>
<pin id="89" dir="1" index="0" bw="1" slack="0"/>
</pin_list>
<bind>
<StgValue><ssdm name=""/></StgValue>
</bind>
</comp>

<comp id="90" class="1001" name="const_90">
<pin_list>
<pin id="91" dir="1" index="0" bw="1" slack="0"/>
</pin_list>
<bind>
<StgValue><ssdm name="_ssdm_op_Write.axis.volatile.i64P.i8P.i8P.i1P"/></StgValue>
</bind>
</comp>

<comp id="92" class="1001" name="const_92">
<pin_list>
<pin id="93" dir="1" index="0" bw="1" slack="2147483647"/>
</pin_list>
<bind>
<StgValue><ssdm name="_ssdm_op_SpecLoopName"/></StgValue>
</bind>
</comp>

<comp id="94" class="1001" name="const_94">
<pin_list>
<pin id="95" dir="1" index="0" bw="1" slack="2147483647"/>
</pin_list>
<bind>
<StgValue><ssdm name="empty_7"/></StgValue>
</bind>
</comp>

<comp id="96" class="1004" name="buffSize_read_read_fu_96">
<pin_list>
<pin id="97" dir="0" index="0" bw="32" slack="0"/>
<pin id="98" dir="0" index="1" bw="32" slack="0"/>
<pin id="99" dir="1" index="2" bw="32" slack="1"/>
</pin_list>
<bind>
<opcode="read(1150) " fcode="read"/>
<opset="buffSize_read/1 "/>
</bind>
</comp>

<comp id="102" class="1004" name="in_read_read_fu_102">
<pin_list>
<pin id="103" dir="0" index="0" bw="64" slack="0"/>
<pin id="104" dir="0" index="1" bw="64" slack="0"/>
<pin id="105" dir="1" index="2" bw="64" slack="0"/>
</pin_list>
<bind>
<opcode="read(1150) " fcode="read"/>
<opset="in_read/1 "/>
</bind>
</comp>

<comp id="108" class="1004" name="grp_readreq_fu_108">
<pin_list>
<pin id="109" dir="0" index="0" bw="1" slack="0"/>
<pin id="110" dir="0" index="1" bw="128" slack="0"/>
<pin id="111" dir="0" index="2" bw="32" slack="1"/>
<pin id="112" dir="1" index="3" bw="1" slack="2147483647"/>
</pin_list>
<bind>
<opcode="readreq(1154) " fcode="readreq"/>
<opset="gmem_addr_1_rd_req/2 "/>
</bind>
</comp>

<comp id="114" class="1004" name="gmem_addr_read_read_fu_114">
<pin_list>
<pin id="115" dir="0" index="0" bw="128" slack="0"/>
<pin id="116" dir="0" index="1" bw="128" slack="71"/>
<pin id="117" dir="1" index="2" bw="128" slack="0"/>
</pin_list>
<bind>
<opcode="read(1150) " fcode="read"/>
<opset="gmem_addr_read/73 "/>
</bind>
</comp>

<comp id="119" class="1004" name="grp_write_fu_119">
<pin_list>
<pin id="120" dir="0" index="0" bw="0" slack="0"/>
<pin id="121" dir="0" index="1" bw="64" slack="0"/>
<pin id="122" dir="0" index="2" bw="8" slack="0"/>
<pin id="123" dir="0" index="3" bw="8" slack="0"/>
<pin id="124" dir="0" index="4" bw="1" slack="0"/>
<pin id="125" dir="0" index="5" bw="64" slack="0"/>
<pin id="126" dir="0" index="6" bw="8" slack="0"/>
<pin id="127" dir="0" index="7" bw="8" slack="0"/>
<pin id="128" dir="0" index="8" bw="1" slack="0"/>
<pin id="129" dir="1" index="9" bw="0" slack="2147483647"/>
</pin_list>
<bind>
<opcode="write(1151) " fcode="write"/>
<opset="write_ln543/73 "/>
</bind>
</comp>

<comp id="135" class="1005" name="indvars_iv_reg_135">
<pin_list>
<pin id="136" dir="0" index="0" bw="32" slack="1"/>
<pin id="137" dir="1" index="1" bw="32" slack="1"/>
</pin_list>
<bind>
<opset="indvars_iv (phireg) "/>
</bind>
</comp>

<comp id="139" class="1004" name="indvars_iv_phi_fu_139">
<pin_list>
<pin id="140" dir="0" index="0" bw="32" slack="0"/>
<pin id="141" dir="0" index="1" bw="0" slack="2147483647"/>
<pin id="142" dir="0" index="2" bw="1" slack="1"/>
<pin id="143" dir="0" index="3" bw="0" slack="2147483647"/>
<pin id="144" dir="1" index="4" bw="32" slack="0"/>
</pin_list>
<bind>
<opcode="phi(47) " fcode="phi"/>
<opset="indvars_iv/72 "/>
</bind>
</comp>

<comp id="146" class="1004" name="trunc_ln_fu_146">
<pin_list>
<pin id="147" dir="0" index="0" bw="60" slack="0"/>
<pin id="148" dir="0" index="1" bw="64" slack="0"/>
<pin id="149" dir="0" index="2" bw="4" slack="0"/>
<pin id="150" dir="0" index="3" bw="7" slack="0"/>
<pin id="151" dir="1" index="4" bw="60" slack="1"/>
</pin_list>
<bind>
<opcode="partselect(1002) " fcode="partselect"/>
<opset="trunc_ln/1 "/>
</bind>
</comp>

<comp id="156" class="1004" name="sext_ln542_fu_156">
<pin_list>
<pin id="157" dir="0" index="0" bw="60" slack="1"/>
<pin id="158" dir="1" index="1" bw="64" slack="0"/>
</pin_list>
<bind>
<opcode="sext(35) " fcode="sext"/>
<opset="sext_ln542/2 "/>
</bind>
</comp>

<comp id="159" class="1004" name="gmem_addr_fu_159">
<pin_list>
<pin id="160" dir="0" index="0" bw="64" slack="0"/>
<pin id="161" dir="0" index="1" bw="64" slack="0"/>
<pin id="162" dir="1" index="2" bw="64" slack="0"/>
</pin_list>
<bind>
<opcode="getelementptr(29) " fcode="getelementptr"/>
<opset="gmem_addr/2 "/>
</bind>
</comp>

<comp id="166" class="1004" name="icmp_ln882_fu_166">
<pin_list>
<pin id="167" dir="0" index="0" bw="32" slack="0"/>
<pin id="168" dir="0" index="1" bw="32" slack="71"/>
<pin id="169" dir="1" index="2" bw="1" slack="1"/>
</pin_list>
<bind>
<opcode="icmp(45) " fcode="icmp"/>
<opset="icmp_ln882/72 "/>
</bind>
</comp>

<comp id="171" class="1004" name="add_ln695_fu_171">
<pin_list>
<pin id="172" dir="0" index="0" bw="32" slack="0"/>
<pin id="173" dir="0" index="1" bw="1" slack="0"/>
<pin id="174" dir="1" index="2" bw="32" slack="0"/>
</pin_list>
<bind>
<opcode="add(8) " fcode="add"/>
<opset="add_ln695/72 "/>
</bind>
</comp>

<comp id="177" class="1004" name="tmp_data_V_fu_177">
<pin_list>
<pin id="178" dir="0" index="0" bw="128" slack="0"/>
<pin id="179" dir="1" index="1" bw="64" slack="0"/>
</pin_list>
<bind>
<opcode="trunc(33) " fcode="trunc"/>
<opset="tmp_data_V/73 "/>
</bind>
</comp>

<comp id="182" class="1004" name="tmp_keep_V_fu_182">
<pin_list>
<pin id="183" dir="0" index="0" bw="8" slack="0"/>
<pin id="184" dir="0" index="1" bw="128" slack="0"/>
<pin id="185" dir="0" index="2" bw="8" slack="0"/>
<pin id="186" dir="0" index="3" bw="8" slack="0"/>
<pin id="187" dir="1" index="4" bw="8" slack="0"/>
</pin_list>
<bind>
<opcode="partselect(1002) " fcode="partselect"/>
<opset="tmp_keep_V/73 "/>
</bind>
</comp>

<comp id="193" class="1004" name="tmp_strb_V_fu_193">
<pin_list>
<pin id="194" dir="0" index="0" bw="8" slack="0"/>
<pin id="195" dir="0" index="1" bw="128" slack="0"/>
<pin id="196" dir="0" index="2" bw="8" slack="0"/>
<pin id="197" dir="0" index="3" bw="8" slack="0"/>
<pin id="198" dir="1" index="4" bw="8" slack="0"/>
</pin_list>
<bind>
<opcode="partselect(1002) " fcode="partselect"/>
<opset="tmp_strb_V/73 "/>
</bind>
</comp>

<comp id="204" class="1004" name="tmp_last_V_fu_204">
<pin_list>
<pin id="205" dir="0" index="0" bw="1" slack="0"/>
<pin id="206" dir="0" index="1" bw="128" slack="0"/>
<pin id="207" dir="0" index="2" bw="8" slack="0"/>
<pin id="208" dir="1" index="3" bw="1" slack="0"/>
</pin_list>
<bind>
<opcode="bitselect(1000) " fcode="bitselect"/>
<opset="tmp_last_V/73 "/>
</bind>
</comp>

<comp id="213" class="1005" name="buffSize_read_reg_213">
<pin_list>
<pin id="214" dir="0" index="0" bw="32" slack="1"/>
<pin id="215" dir="1" index="1" bw="32" slack="1"/>
</pin_list>
<bind>
<opset="buffSize_read "/>
</bind>
</comp>

<comp id="219" class="1005" name="trunc_ln_reg_219">
<pin_list>
<pin id="220" dir="0" index="0" bw="60" slack="1"/>
<pin id="221" dir="1" index="1" bw="60" slack="1"/>
</pin_list>
<bind>
<opset="trunc_ln "/>
</bind>
</comp>

<comp id="224" class="1005" name="gmem_addr_reg_224">
<pin_list>
<pin id="225" dir="0" index="0" bw="128" slack="1"/>
<pin id="226" dir="1" index="1" bw="128" slack="1"/>
</pin_list>
<bind>
<opset="gmem_addr "/>
</bind>
</comp>

<comp id="230" class="1005" name="icmp_ln882_reg_230">
<pin_list>
<pin id="231" dir="0" index="0" bw="1" slack="1"/>
<pin id="232" dir="1" index="1" bw="1" slack="2147483647"/>
</pin_list>
<bind>
<opset="icmp_ln882 "/>
</bind>
</comp>

<comp id="234" class="1005" name="add_ln695_reg_234">
<pin_list>
<pin id="235" dir="0" index="0" bw="32" slack="0"/>
<pin id="236" dir="1" index="1" bw="32" slack="0"/>
</pin_list>
<bind>
<opset="add_ln695 "/>
</bind>
</comp>

<comp id="239" class="1005" name="tmp_data_V_reg_239">
<pin_list>
<pin id="240" dir="0" index="0" bw="64" slack="1"/>
<pin id="241" dir="1" index="1" bw="64" slack="1"/>
</pin_list>
<bind>
<opset="tmp_data_V "/>
</bind>
</comp>

<comp id="244" class="1005" name="tmp_keep_V_reg_244">
<pin_list>
<pin id="245" dir="0" index="0" bw="8" slack="1"/>
<pin id="246" dir="1" index="1" bw="8" slack="1"/>
</pin_list>
<bind>
<opset="tmp_keep_V "/>
</bind>
</comp>

<comp id="249" class="1005" name="tmp_strb_V_reg_249">
<pin_list>
<pin id="250" dir="0" index="0" bw="8" slack="1"/>
<pin id="251" dir="1" index="1" bw="8" slack="1"/>
</pin_list>
<bind>
<opset="tmp_strb_V "/>
</bind>
</comp>

<comp id="254" class="1005" name="tmp_last_V_reg_254">
<pin_list>
<pin id="255" dir="0" index="0" bw="1" slack="1"/>
<pin id="256" dir="1" index="1" bw="1" slack="1"/>
</pin_list>
<bind>
<opset="tmp_last_V "/>
</bind>
</comp>

</comp_list>

<net_list>
<net id="100"><net_src comp="16" pin="0"/><net_sink comp="96" pin=0"/></net>

<net id="101"><net_src comp="4" pin="0"/><net_sink comp="96" pin=1"/></net>

<net id="106"><net_src comp="18" pin="0"/><net_sink comp="102" pin=0"/></net>

<net id="107"><net_src comp="2" pin="0"/><net_sink comp="102" pin=1"/></net>

<net id="113"><net_src comp="26" pin="0"/><net_sink comp="108" pin=0"/></net>

<net id="118"><net_src comp="76" pin="0"/><net_sink comp="114" pin=0"/></net>

<net id="130"><net_src comp="90" pin="0"/><net_sink comp="119" pin=0"/></net>

<net id="131"><net_src comp="8" pin="0"/><net_sink comp="119" pin=1"/></net>

<net id="132"><net_src comp="10" pin="0"/><net_sink comp="119" pin=2"/></net>

<net id="133"><net_src comp="12" pin="0"/><net_sink comp="119" pin=3"/></net>

<net id="134"><net_src comp="14" pin="0"/><net_sink comp="119" pin=4"/></net>

<net id="138"><net_src comp="34" pin="0"/><net_sink comp="135" pin=0"/></net>

<net id="145"><net_src comp="135" pin="1"/><net_sink comp="139" pin=2"/></net>

<net id="152"><net_src comp="20" pin="0"/><net_sink comp="146" pin=0"/></net>

<net id="153"><net_src comp="102" pin="2"/><net_sink comp="146" pin=1"/></net>

<net id="154"><net_src comp="22" pin="0"/><net_sink comp="146" pin=2"/></net>

<net id="155"><net_src comp="24" pin="0"/><net_sink comp="146" pin=3"/></net>

<net id="163"><net_src comp="0" pin="0"/><net_sink comp="159" pin=0"/></net>

<net id="164"><net_src comp="156" pin="1"/><net_sink comp="159" pin=1"/></net>

<net id="165"><net_src comp="159" pin="2"/><net_sink comp="108" pin=1"/></net>

<net id="170"><net_src comp="139" pin="4"/><net_sink comp="166" pin=0"/></net>

<net id="175"><net_src comp="139" pin="4"/><net_sink comp="171" pin=0"/></net>

<net id="176"><net_src comp="66" pin="0"/><net_sink comp="171" pin=1"/></net>

<net id="180"><net_src comp="114" pin="2"/><net_sink comp="177" pin=0"/></net>

<net id="181"><net_src comp="177" pin="1"/><net_sink comp="119" pin=5"/></net>

<net id="188"><net_src comp="78" pin="0"/><net_sink comp="182" pin=0"/></net>

<net id="189"><net_src comp="114" pin="2"/><net_sink comp="182" pin=1"/></net>

<net id="190"><net_src comp="42" pin="0"/><net_sink comp="182" pin=2"/></net>

<net id="191"><net_src comp="80" pin="0"/><net_sink comp="182" pin=3"/></net>

<net id="192"><net_src comp="182" pin="4"/><net_sink comp="119" pin=6"/></net>

<net id="199"><net_src comp="78" pin="0"/><net_sink comp="193" pin=0"/></net>

<net id="200"><net_src comp="114" pin="2"/><net_sink comp="193" pin=1"/></net>

<net id="201"><net_src comp="82" pin="0"/><net_sink comp="193" pin=2"/></net>

<net id="202"><net_src comp="84" pin="0"/><net_sink comp="193" pin=3"/></net>

<net id="203"><net_src comp="193" pin="4"/><net_sink comp="119" pin=7"/></net>

<net id="209"><net_src comp="86" pin="0"/><net_sink comp="204" pin=0"/></net>

<net id="210"><net_src comp="114" pin="2"/><net_sink comp="204" pin=1"/></net>

<net id="211"><net_src comp="88" pin="0"/><net_sink comp="204" pin=2"/></net>

<net id="212"><net_src comp="204" pin="3"/><net_sink comp="119" pin=8"/></net>

<net id="216"><net_src comp="96" pin="2"/><net_sink comp="213" pin=0"/></net>

<net id="217"><net_src comp="213" pin="1"/><net_sink comp="108" pin=2"/></net>

<net id="218"><net_src comp="213" pin="1"/><net_sink comp="166" pin=1"/></net>

<net id="222"><net_src comp="146" pin="4"/><net_sink comp="219" pin=0"/></net>

<net id="223"><net_src comp="219" pin="1"/><net_sink comp="156" pin=0"/></net>

<net id="227"><net_src comp="159" pin="2"/><net_sink comp="224" pin=0"/></net>

<net id="228"><net_src comp="224" pin="1"/><net_sink comp="108" pin=1"/></net>

<net id="229"><net_src comp="224" pin="1"/><net_sink comp="114" pin=1"/></net>

<net id="233"><net_src comp="166" pin="2"/><net_sink comp="230" pin=0"/></net>

<net id="237"><net_src comp="171" pin="2"/><net_sink comp="234" pin=0"/></net>

<net id="238"><net_src comp="234" pin="1"/><net_sink comp="139" pin=0"/></net>

<net id="242"><net_src comp="177" pin="1"/><net_sink comp="239" pin=0"/></net>

<net id="243"><net_src comp="239" pin="1"/><net_sink comp="119" pin=5"/></net>

<net id="247"><net_src comp="182" pin="4"/><net_sink comp="244" pin=0"/></net>

<net id="248"><net_src comp="244" pin="1"/><net_sink comp="119" pin=6"/></net>

<net id="252"><net_src comp="193" pin="4"/><net_sink comp="249" pin=0"/></net>

<net id="253"><net_src comp="249" pin="1"/><net_sink comp="119" pin=7"/></net>

<net id="257"><net_src comp="204" pin="3"/><net_sink comp="254" pin=0"/></net>

<net id="258"><net_src comp="254" pin="1"/><net_sink comp="119" pin=8"/></net>

</net_list>

</model> 
---------------- Datapath Model END ------------------

* FSMD analyzer results:
  - Output states:
	Port: ethernet_stream_out_V_data_V | {74 }
	Port: ethernet_stream_out_V_keep_V | {74 }
	Port: ethernet_stream_out_V_strb_V | {74 }
	Port: ethernet_stream_out_V_last_V | {74 }
 - Input state : 
	Port: EthInTop : gmem | {2 3 4 5 6 7 8 9 10 11 12 13 14 15 16 17 18 19 20 21 22 23 24 25 26 27 28 29 30 31 32 33 34 35 36 37 38 39 40 41 42 43 44 45 46 47 48 49 50 51 52 53 54 55 56 57 58 59 60 61 62 63 64 65 66 67 68 69 70 71 73 }
	Port: EthInTop : in_r | {1 }
	Port: EthInTop : buffSize | {1 }
  - Chain level:
	State 1
	State 2
		gmem_addr : 1
		gmem_addr_1_rd_req : 2
	State 3
	State 4
	State 5
	State 6
	State 7
	State 8
	State 9
	State 10
	State 11
	State 12
	State 13
	State 14
	State 15
	State 16
	State 17
	State 18
	State 19
	State 20
	State 21
	State 22
	State 23
	State 24
	State 25
	State 26
	State 27
	State 28
	State 29
	State 30
	State 31
	State 32
	State 33
	State 34
	State 35
	State 36
	State 37
	State 38
	State 39
	State 40
	State 41
	State 42
	State 43
	State 44
	State 45
	State 46
	State 47
	State 48
	State 49
	State 50
	State 51
	State 52
	State 53
	State 54
	State 55
	State 56
	State 57
	State 58
	State 59
	State 60
	State 61
	State 62
	State 63
	State 64
	State 65
	State 66
	State 67
	State 68
	State 69
	State 70
	State 71
	State 72
		icmp_ln882 : 1
		add_ln695 : 1
		br_ln19 : 2
	State 73
		write_ln543 : 1
	State 74
	State 75


============================================================
+ Verbose Summary: Datapath Resource usage 
============================================================

* Functional unit list:
|----------|----------------------------|---------|---------|
| Operation|       Functional Unit      |    FF   |   LUT   |
|----------|----------------------------|---------|---------|
|    add   |      add_ln695_fu_171      |    0    |    39   |
|----------|----------------------------|---------|---------|
|   icmp   |      icmp_ln882_fu_166     |    0    |    20   |
|----------|----------------------------|---------|---------|
|          |  buffSize_read_read_fu_96  |    0    |    0    |
|   read   |     in_read_read_fu_102    |    0    |    0    |
|          | gmem_addr_read_read_fu_114 |    0    |    0    |
|----------|----------------------------|---------|---------|
|  readreq |     grp_readreq_fu_108     |    0    |    0    |
|----------|----------------------------|---------|---------|
|   write  |      grp_write_fu_119      |    0    |    0    |
|----------|----------------------------|---------|---------|
|          |       trunc_ln_fu_146      |    0    |    0    |
|partselect|      tmp_keep_V_fu_182     |    0    |    0    |
|          |      tmp_strb_V_fu_193     |    0    |    0    |
|----------|----------------------------|---------|---------|
|   sext   |      sext_ln542_fu_156     |    0    |    0    |
|----------|----------------------------|---------|---------|
|   trunc  |      tmp_data_V_fu_177     |    0    |    0    |
|----------|----------------------------|---------|---------|
| bitselect|      tmp_last_V_fu_204     |    0    |    0    |
|----------|----------------------------|---------|---------|
|   Total  |                            |    0    |    59   |
|----------|----------------------------|---------|---------|

Memories:
N/A

* Register list:
+---------------------+--------+
|                     |   FF   |
+---------------------+--------+
|  add_ln695_reg_234  |   32   |
|buffSize_read_reg_213|   32   |
|  gmem_addr_reg_224  |   128  |
|  icmp_ln882_reg_230 |    1   |
|  indvars_iv_reg_135 |   32   |
|  tmp_data_V_reg_239 |   64   |
|  tmp_keep_V_reg_244 |    8   |
|  tmp_last_V_reg_254 |    1   |
|  tmp_strb_V_reg_249 |    8   |
|   trunc_ln_reg_219  |   60   |
+---------------------+--------+
|        Total        |   366  |
+---------------------+--------+

* Multiplexer (MUX) list: 
|--------------------|------|------|------|--------||---------||---------|
|        Comp        |  Pin | Size |  BW  | S x BW ||  Delay  ||   LUT   |
|--------------------|------|------|------|--------||---------||---------|
| grp_readreq_fu_108 |  p1  |   2  |  128 |   256  ||    9    |
|  grp_write_fu_119  |  p5  |   2  |  64  |   128  ||    9    |
|  grp_write_fu_119  |  p6  |   2  |   8  |   16   ||    9    |
|  grp_write_fu_119  |  p7  |   2  |   8  |   16   ||    9    |
|  grp_write_fu_119  |  p8  |   2  |   1  |    2   ||    9    |
|--------------------|------|------|------|--------||---------||---------|
|        Total       |      |      |      |   418  ||  3.015  ||    45   |
|--------------------|------|------|------|--------||---------||---------|



* Summary:
+-----------+--------+--------+--------+
|           |  Delay |   FF   |   LUT  |
+-----------+--------+--------+--------+
|  Function |    -   |    0   |   59   |
|   Memory  |    -   |    -   |    -   |
|Multiplexer|    3   |    -   |   45   |
|  Register |    -   |   366  |    -   |
+-----------+--------+--------+--------+
|   Total   |    3   |   366  |   104  |
+-----------+--------+--------+--------+
