

================================================================
== Vitis HLS Report for 'EthOutTop'
================================================================
* Date:           Fri Jan  1 00:00:34 2021

* Version:        2020.1 (Build 2902540 on Wed May 27 20:16:15 MDT 2020)
* Project:        EthOutTop
* Solution:       solution (Vitis Kernel Flow Target)
* Product family: virtexuplus
* Target device:  xcvu9p-flgb2104-2L-e


================================================================
== Performance Estimates
================================================================
+ Timing: 
    * Summary: 
    +--------+---------+----------+------------+
    |  Clock |  Target | Estimated| Uncertainty|
    +--------+---------+----------+------------+
    |ap_clk  | 3.33 ns | 2.433 ns |   0.90 ns  |
    +--------+---------+----------+------------+

+ Latency: 
    * Summary: 
    +---------+---------+----------+----------+-----+-----+---------+
    |  Latency (cycles) |  Latency (absolute) |  Interval | Pipeline|
    |   min   |   max   |    min   |    max   | min | max |   Type  |
    +---------+---------+----------+----------+-----+-----+---------+
    |        ?|        ?|         ?|         ?|    ?|    ?|   none  |
    +---------+---------+----------+----------+-----+-----+---------+

    + Detail: 
        * Instance: 
        N/A

        * Loop: 
        +-------------------+---------+---------+----------+-----------+-----------+------+----------+
        |                   |  Latency (cycles) | Iteration|  Initiation Interval  | Trip |          |
        |     Loop Name     |   min   |   max   |  Latency |  achieved |   target  | Count| Pipelined|
        +-------------------+---------+---------+----------+-----------+-----------+------+----------+
        |- VITIS_LOOP_18_1  |        ?|        ?|        73|          3|          1|     ?|    yes   |
        +-------------------+---------+---------+----------+-----------+-----------+------+----------+



================================================================
== Utilization Estimates
================================================================
* Summary: 
+---------------------+---------+------+---------+---------+-----+
|         Name        | BRAM_18K|  DSP |    FF   |   LUT   | URAM|
+---------------------+---------+------+---------+---------+-----+
|DSP                  |        -|     -|        -|        -|    -|
|Expression           |        -|     -|        0|     1265|    -|
|FIFO                 |        -|     -|        -|        -|    -|
|Instance             |        8|     -|      757|     1019|    -|
|Memory               |        -|     -|        -|        -|    -|
|Multiplexer          |        -|     -|        -|      159|    -|
|Register             |        -|     -|      860|       32|    -|
+---------------------+---------+------+---------+---------+-----+
|Total                |        8|     0|     1617|     2475|    0|
+---------------------+---------+------+---------+---------+-----+
|Available SLR        |     1440|  2280|   788160|   394080|  320|
+---------------------+---------+------+---------+---------+-----+
|Utilization SLR (%)  |    ~0   |     0|    ~0   |    ~0   |    0|
+---------------------+---------+------+---------+---------+-----+
|Available            |     4320|  6840|  2364480|  1182240|  960|
+---------------------+---------+------+---------+---------+-----+
|Utilization (%)      |    ~0   |     0|    ~0   |    ~0   |    0|
+---------------------+---------+------+---------+---------+-----+

+ Detail: 
    * Instance: 
    +-----------------+---------------+---------+----+-----+-----+-----+
    |     Instance    |     Module    | BRAM_18K| DSP|  FF | LUT | URAM|
    +-----------------+---------------+---------+----+-----+-----+-----+
    |control_s_axi_U  |control_s_axi  |        0|   0|  144|  232|    0|
    |gmem_m_axi_U     |gmem_m_axi     |        8|   0|  613|  787|    0|
    +-----------------+---------------+---------+----+-----+-----+-----+
    |Total            |               |        8|   0|  757| 1019|    0|
    +-----------------+---------------+---------+----+-----+-----+-----+

    * DSP: 
    N/A

    * Memory: 
    N/A

    * FIFO: 
    N/A

    * Expression: 
    +------------------------------------+----------+----+---+-----+------------+------------+
    |            Variable Name           | Operation| DSP| FF| LUT | Bitwidth P0| Bitwidth P1|
    +------------------------------------+----------+----+---+-----+------------+------------+
    |add_ln324_1_fu_339_p2               |     +    |   0|  0|   71|          64|           4|
    |add_ln324_2_fu_371_p2               |     +    |   0|  0|   71|          64|           4|
    |add_ln324_3_fu_247_p2               |     +    |   0|  0|   12|           4|           4|
    |add_ln324_fu_302_p2                 |     +    |   0|  0|   71|          64|          64|
    |add_ln695_fu_284_p2                 |     +    |   0|  0|   39|          32|           1|
    |sub_i_i_fu_209_p2                   |     +    |   0|  0|   40|           2|          33|
    |ap_block_pp0_stage0_01001           |    and   |   0|  0|    2|           1|           1|
    |ap_block_pp0_stage2_01001           |    and   |   0|  0|    2|           1|           1|
    |ap_block_state3_io                  |    and   |   0|  0|    2|           1|           1|
    |ap_block_state3_pp0_stage1_iter0    |    and   |   0|  0|    2|           1|           1|
    |ap_block_state6_io                  |    and   |   0|  0|    2|           1|           1|
    |ap_block_state72_pp0_stage1_iter23  |    and   |   0|  0|    2|           1|           1|
    |ap_ext_blocking_cur_n               |    and   |   0|  0|    2|           1|           1|
    |ap_ext_blocking_n                   |    and   |   0|  0|    2|           1|           2|
    |ap_int_blocking_n                   |    and   |   0|  0|    2|           2|           2|
    |ap_predicate_op121_read_state3      |    and   |   0|  0|    2|           1|           1|
    |ap_str_blocking_cur_n               |    and   |   0|  0|    2|           1|           0|
    |ap_str_blocking_n                   |    and   |   0|  0|    2|           1|           2|
    |tmp_nbreadreq_fu_122_p6             |    and   |   0|  0|    2|           1|           0|
    |icmp_ln882_fu_279_p2                |   icmp   |   0|  0|   21|          33|          33|
    |ap_block_pp0_stage0_11001           |    or    |   0|  0|    2|           1|           1|
    |ap_block_pp0_stage1_01001           |    or    |   0|  0|    2|           1|           1|
    |ap_block_pp0_stage1_11001           |    or    |   0|  0|    2|           1|           1|
    |ap_block_pp0_stage2_11001           |    or    |   0|  0|    2|           1|           1|
    |ap_block_state4_io                  |    or    |   0|  0|    2|           1|           1|
    |ap_block_state5_io                  |    or    |   0|  0|    2|           1|           1|
    |shl_ln324_1_fu_229_p2               |    shl   |   0|  0|   35|           2|          16|
    |shl_ln324_3_fu_356_p2               |    shl   |   0|  0|  423|         128|         128|
    |shl_ln324_4_fu_257_p2               |    shl   |   0|  0|   35|           1|          16|
    |shl_ln324_fu_407_p2                 |    shl   |   0|  0|  402|         121|         121|
    |ap_enable_pp0                       |    xor   |   0|  0|    2|           1|           2|
    |xor_ln324_fu_219_p2                 |    xor   |   0|  0|    5|           4|           5|
    +------------------------------------+----------+----+---+-----+------------+------------+
    |Total                               |          |   0|  0| 1265|         540|         451|
    +------------------------------------+----------+----+---+-----+------------+------------+

    * Multiplexer: 
    +--------------------------------+----+-----------+-----+-----------+
    |              Name              | LUT| Input Size| Bits| Total Bits|
    +--------------------------------+----+-----------+-----+-----------+
    |ap_NS_fsm                       |  33|          6|    1|          6|
    |ap_enable_reg_pp0_iter24        |   9|          2|    1|          2|
    |ap_phi_mux_empty_phi_fu_198_p4  |   9|          2|   32|         64|
    |empty_reg_194                   |   9|          2|   32|         64|
    |ethernet_stream_in_TDATA_blk_n  |   9|          2|    1|          2|
    |gmem_AWADDR                     |  21|          4|   64|        256|
    |gmem_WDATA                      |  21|          4|  128|        512|
    |gmem_WSTRB                      |  21|          4|   16|         64|
    |gmem_blk_n_AW                   |   9|          2|    1|          2|
    |gmem_blk_n_B                    |   9|          2|    1|          2|
    |gmem_blk_n_W                    |   9|          2|    1|          2|
    +--------------------------------+----+-----------+-----+-----------+
    |Total                           | 159|         32|  278|        976|
    +--------------------------------+----+-----------+-----+-----------+

    * Register: 
    +--------------------------+-----+----+-----+-----------+
    |           Name           |  FF | LUT| Bits| Const Bits|
    +--------------------------+-----+----+-----+-----------+
    |add_ln324_reg_469         |   64|   0|   64|          0|
    |add_ln695_reg_460         |   32|   0|   32|          0|
    |ap_CS_fsm                 |    5|   0|    5|          0|
    |ap_enable_reg_pp0_iter0   |    1|   0|    1|          0|
    |ap_enable_reg_pp0_iter1   |    1|   0|    1|          0|
    |ap_enable_reg_pp0_iter10  |    1|   0|    1|          0|
    |ap_enable_reg_pp0_iter11  |    1|   0|    1|          0|
    |ap_enable_reg_pp0_iter12  |    1|   0|    1|          0|
    |ap_enable_reg_pp0_iter13  |    1|   0|    1|          0|
    |ap_enable_reg_pp0_iter14  |    1|   0|    1|          0|
    |ap_enable_reg_pp0_iter15  |    1|   0|    1|          0|
    |ap_enable_reg_pp0_iter16  |    1|   0|    1|          0|
    |ap_enable_reg_pp0_iter17  |    1|   0|    1|          0|
    |ap_enable_reg_pp0_iter18  |    1|   0|    1|          0|
    |ap_enable_reg_pp0_iter19  |    1|   0|    1|          0|
    |ap_enable_reg_pp0_iter2   |    1|   0|    1|          0|
    |ap_enable_reg_pp0_iter20  |    1|   0|    1|          0|
    |ap_enable_reg_pp0_iter21  |    1|   0|    1|          0|
    |ap_enable_reg_pp0_iter22  |    1|   0|    1|          0|
    |ap_enable_reg_pp0_iter23  |    1|   0|    1|          0|
    |ap_enable_reg_pp0_iter24  |    1|   0|    1|          0|
    |ap_enable_reg_pp0_iter3   |    1|   0|    1|          0|
    |ap_enable_reg_pp0_iter4   |    1|   0|    1|          0|
    |ap_enable_reg_pp0_iter5   |    1|   0|    1|          0|
    |ap_enable_reg_pp0_iter6   |    1|   0|    1|          0|
    |ap_enable_reg_pp0_iter7   |    1|   0|    1|          0|
    |ap_enable_reg_pp0_iter8   |    1|   0|    1|          0|
    |ap_enable_reg_pp0_iter9   |    1|   0|    1|          0|
    |ap_ext_blocking_n_reg     |    1|   0|    1|          0|
    |ap_int_blocking_n_reg     |    0|   0|    1|          1|
    |ap_rst_n_inv              |    1|   0|    1|          0|
    |ap_rst_reg_1              |    1|   0|    1|          0|
    |ap_rst_reg_2              |    1|   0|    1|          0|
    |ap_str_blocking_n_reg     |    1|   0|    1|          0|
    |empty_30_reg_480_3        |    1|   0|    1|          0|
    |empty_reg_194             |   32|   0|   32|          0|
    |icmp_ln882_reg_456        |    1|   0|    1|          0|
    |out_read_reg_426          |   64|   0|   64|          0|
    |shl_ln324_1_reg_436       |   16|   0|   16|          0|
    |shl_ln324_3_reg_496       |  128|   0|  128|          0|
    |shl_ln324_4_reg_446       |   16|   0|   16|          0|
    |shl_ln324_reg_517         |  121|   0|  121|          0|
    |sub_i_i_reg_431           |   33|   0|   33|          0|
    |tmp_data_V_reg_485        |   64|   0|   64|          0|
    |tmp_reg_465               |    1|   0|    1|          0|
    |trunc_ln324_2_reg_475     |   60|   0|   60|          0|
    |trunc_ln324_3_reg_506     |   60|   0|   60|          0|
    |trunc_ln_reg_501          |   60|   0|   60|          0|
    |zext_ln18_reg_451         |    4|   0|  121|        117|
    |zext_ln324_3_reg_441      |    4|   0|  128|        124|
    |tmp_reg_465               |   64|  32|    1|          0|
    +--------------------------+-----+----+-----+-----------+
    |Total                     |  860|  32| 1039|        242|
    +--------------------------+-----+----+-----+-----------+



================================================================
== Interface
================================================================
* Summary: 
+---------------------------+-----+-----+------------+-----------------------------+--------------+
|         RTL Ports         | Dir | Bits|  Protocol  |        Source Object        |    C Type    |
+---------------------------+-----+-----+------------+-----------------------------+--------------+
|s_axi_control_AWVALID      |  in |    1|    s_axi   |           control           |  return void |
|s_axi_control_AWREADY      | out |    1|    s_axi   |           control           |  return void |
|s_axi_control_AWADDR       |  in |    6|    s_axi   |           control           |  return void |
|s_axi_control_WVALID       |  in |    1|    s_axi   |           control           |  return void |
|s_axi_control_WREADY       | out |    1|    s_axi   |           control           |  return void |
|s_axi_control_WDATA        |  in |   32|    s_axi   |           control           |  return void |
|s_axi_control_WSTRB        |  in |    4|    s_axi   |           control           |  return void |
|s_axi_control_ARVALID      |  in |    1|    s_axi   |           control           |  return void |
|s_axi_control_ARREADY      | out |    1|    s_axi   |           control           |  return void |
|s_axi_control_ARADDR       |  in |    6|    s_axi   |           control           |  return void |
|s_axi_control_RVALID       | out |    1|    s_axi   |           control           |  return void |
|s_axi_control_RREADY       |  in |    1|    s_axi   |           control           |  return void |
|s_axi_control_RDATA        | out |   32|    s_axi   |           control           |  return void |
|s_axi_control_RRESP        | out |    2|    s_axi   |           control           |  return void |
|s_axi_control_BVALID       | out |    1|    s_axi   |           control           |  return void |
|s_axi_control_BREADY       |  in |    1|    s_axi   |           control           |  return void |
|s_axi_control_BRESP        | out |    2|    s_axi   |           control           |  return void |
|ap_clk                     |  in |    1| ap_ctrl_hs |          EthOutTop          | return value |
|ap_rst_n                   |  in |    1| ap_ctrl_hs |          EthOutTop          | return value |
|event_done                 | out |    1| ap_ctrl_hs |          EthOutTop          | return value |
|interrupt                  | out |    1| ap_ctrl_hs |          EthOutTop          | return value |
|event_start                | out |    1| ap_ctrl_hs |          EthOutTop          | return value |
|stall_start_ext            | out |    1| ap_ctrl_hs |          EthOutTop          | return value |
|stall_done_ext             | out |    1| ap_ctrl_hs |          EthOutTop          | return value |
|stall_start_str            | out |    1| ap_ctrl_hs |          EthOutTop          | return value |
|stall_done_str             | out |    1| ap_ctrl_hs |          EthOutTop          | return value |
|stall_start_int            | out |    1| ap_ctrl_hs |          EthOutTop          | return value |
|stall_done_int             | out |    1| ap_ctrl_hs |          EthOutTop          | return value |
|m_axi_gmem_AWVALID         | out |    1|    m_axi   |             gmem            |    pointer   |
|m_axi_gmem_AWREADY         |  in |    1|    m_axi   |             gmem            |    pointer   |
|m_axi_gmem_AWADDR          | out |   64|    m_axi   |             gmem            |    pointer   |
|m_axi_gmem_AWID            | out |    1|    m_axi   |             gmem            |    pointer   |
|m_axi_gmem_AWLEN           | out |    8|    m_axi   |             gmem            |    pointer   |
|m_axi_gmem_AWSIZE          | out |    3|    m_axi   |             gmem            |    pointer   |
|m_axi_gmem_AWBURST         | out |    2|    m_axi   |             gmem            |    pointer   |
|m_axi_gmem_AWLOCK          | out |    2|    m_axi   |             gmem            |    pointer   |
|m_axi_gmem_AWCACHE         | out |    4|    m_axi   |             gmem            |    pointer   |
|m_axi_gmem_AWPROT          | out |    3|    m_axi   |             gmem            |    pointer   |
|m_axi_gmem_AWQOS           | out |    4|    m_axi   |             gmem            |    pointer   |
|m_axi_gmem_AWREGION        | out |    4|    m_axi   |             gmem            |    pointer   |
|m_axi_gmem_AWUSER          | out |    1|    m_axi   |             gmem            |    pointer   |
|m_axi_gmem_WVALID          | out |    1|    m_axi   |             gmem            |    pointer   |
|m_axi_gmem_WREADY          |  in |    1|    m_axi   |             gmem            |    pointer   |
|m_axi_gmem_WDATA           | out |  128|    m_axi   |             gmem            |    pointer   |
|m_axi_gmem_WSTRB           | out |   16|    m_axi   |             gmem            |    pointer   |
|m_axi_gmem_WLAST           | out |    1|    m_axi   |             gmem            |    pointer   |
|m_axi_gmem_WID             | out |    1|    m_axi   |             gmem            |    pointer   |
|m_axi_gmem_WUSER           | out |    1|    m_axi   |             gmem            |    pointer   |
|m_axi_gmem_ARVALID         | out |    1|    m_axi   |             gmem            |    pointer   |
|m_axi_gmem_ARREADY         |  in |    1|    m_axi   |             gmem            |    pointer   |
|m_axi_gmem_ARADDR          | out |   64|    m_axi   |             gmem            |    pointer   |
|m_axi_gmem_ARID            | out |    1|    m_axi   |             gmem            |    pointer   |
|m_axi_gmem_ARLEN           | out |    8|    m_axi   |             gmem            |    pointer   |
|m_axi_gmem_ARSIZE          | out |    3|    m_axi   |             gmem            |    pointer   |
|m_axi_gmem_ARBURST         | out |    2|    m_axi   |             gmem            |    pointer   |
|m_axi_gmem_ARLOCK          | out |    2|    m_axi   |             gmem            |    pointer   |
|m_axi_gmem_ARCACHE         | out |    4|    m_axi   |             gmem            |    pointer   |
|m_axi_gmem_ARPROT          | out |    3|    m_axi   |             gmem            |    pointer   |
|m_axi_gmem_ARQOS           | out |    4|    m_axi   |             gmem            |    pointer   |
|m_axi_gmem_ARREGION        | out |    4|    m_axi   |             gmem            |    pointer   |
|m_axi_gmem_ARUSER          | out |    1|    m_axi   |             gmem            |    pointer   |
|m_axi_gmem_RVALID          |  in |    1|    m_axi   |             gmem            |    pointer   |
|m_axi_gmem_RREADY          | out |    1|    m_axi   |             gmem            |    pointer   |
|m_axi_gmem_RDATA           |  in |  128|    m_axi   |             gmem            |    pointer   |
|m_axi_gmem_RLAST           |  in |    1|    m_axi   |             gmem            |    pointer   |
|m_axi_gmem_RID             |  in |    1|    m_axi   |             gmem            |    pointer   |
|m_axi_gmem_RUSER           |  in |    1|    m_axi   |             gmem            |    pointer   |
|m_axi_gmem_RRESP           |  in |    2|    m_axi   |             gmem            |    pointer   |
|m_axi_gmem_BVALID          |  in |    1|    m_axi   |             gmem            |    pointer   |
|m_axi_gmem_BREADY          | out |    1|    m_axi   |             gmem            |    pointer   |
|m_axi_gmem_BRESP           |  in |    2|    m_axi   |             gmem            |    pointer   |
|m_axi_gmem_BID             |  in |    1|    m_axi   |             gmem            |    pointer   |
|m_axi_gmem_BUSER           |  in |    1|    m_axi   |             gmem            |    pointer   |
|ethernet_stream_in_TDATA   |  in |   64|    axis    | ethernet_stream_in_V_data_V |    pointer   |
|ethernet_stream_in_TVALID  |  in |    1|    axis    | ethernet_stream_in_V_last_V |    pointer   |
|ethernet_stream_in_TREADY  | out |    1|    axis    | ethernet_stream_in_V_last_V |    pointer   |
|ethernet_stream_in_TLAST   |  in |    1|    axis    | ethernet_stream_in_V_last_V |    pointer   |
|ethernet_stream_in_TKEEP   |  in |    8|    axis    | ethernet_stream_in_V_keep_V |    pointer   |
|ethernet_stream_in_TSTRB   |  in |    8|    axis    | ethernet_stream_in_V_strb_V |    pointer   |
+---------------------------+-----+-----+------------+-----------------------------+--------------+

