# 
# Steps log generated by v++
# This log file contains a collection of steps that describe the kernel compilation flow
# Note: Some steps are tagged as internal, these steps are for debugging purposes and 
#       are not expected to be able to run independently.
# 

# The following environment variables are set when running v++
Environment variables :
------------------------------------------
_RDI_DONT_SET_XILINX_AS_PATH=True
XDG_SESSION_ID=1
TERM_PROGRAM=vscode
HOSTNAME=iz2zec7rvst3rc975nctwoz
XILINX_DSP=
TERM=xterm-256color
SHELL=/bin/bash
HISTSIZE=1000
MAKEFLAGS=
SSH_CLIENT=116.88.217.81 52456 22
MYVIVADO=
TERM_PROGRAM_VERSION=1.85.2
RDI_TPS_ROOT=/opt/Xilinx/Vivado/2020.1/tps/lnx64
HDI_PROCESSOR=x86_64
SYNTH_COMMON=/opt/Xilinx/Vitis/2020.1/scripts/rt/data
RDI_JAVA_VERSION=9.0.4
RT_TCL_PATH=/opt/Xilinx/Vitis/2020.1/scripts/rt/base_tcl/tcl
RDI_PREPEND_PATH=/opt/Xilinx/Vitis/2020.1/bin
RDI_OPT_EXT=.o
USER=root
LD_LIBRARY_PATH=/opt/Xilinx/Vitis/2020.1/lib/lnx64.o/Default:/opt/Xilinx/Vitis/2020.1/lib/lnx64.o:/opt/Xilinx/Vitis/2020.1/tps/lnx64/jre9.0.4/lib/:/opt/Xilinx/Vitis/2020.1/tps/lnx64/jre9.0.4/lib//server:/opt/Xilinx/Vitis/2020.1/lib/lnx64.o/Default:/opt/Xilinx/Vitis/2020.1/lib/lnx64.o:/opt/xilinx/xrt/lib::/opt/Xilinx/Vitis/2020.1/lnx64/tools/fpo_v7_0:/opt/Xilinx/Vitis/2020.1/lnx64/lib/csim:/opt/Xilinx/Vitis/2020.1/lnx64/tools/fft_v9_1:/opt/Xilinx/Vitis/2020.1/lnx64/tools/fir_v7_0:/opt/Xilinx/Vitis/2020.1/lnx64/tools/dds_v6_0:/opt/xilinx/xrt/lib:/opt/Xilinx/Vitis/2020.1/bin/../lnx64/tools/dot/lib
LS_COLORS=rs=0:di=38;5;27:ln=38;5;51:mh=44;38;5;15:pi=40;38;5;11:so=38;5;13:do=38;5;5:bd=48;5;232;38;5;11:cd=48;5;232;38;5;3:or=48;5;232;38;5;9:mi=05;48;5;232;38;5;15:su=48;5;196;38;5;15:sg=48;5;11;38;5;16:ca=48;5;196;38;5;226:tw=48;5;10;38;5;16:ow=48;5;10;38;5;21:st=48;5;21;38;5;15:ex=38;5;34:*.tar=38;5;9:*.tgz=38;5;9:*.arc=38;5;9:*.arj=38;5;9:*.taz=38;5;9:*.lha=38;5;9:*.lz4=38;5;9:*.lzh=38;5;9:*.lzma=38;5;9:*.tlz=38;5;9:*.txz=38;5;9:*.tzo=38;5;9:*.t7z=38;5;9:*.zip=38;5;9:*.z=38;5;9:*.Z=38;5;9:*.dz=38;5;9:*.gz=38;5;9:*.lrz=38;5;9:*.lz=38;5;9:*.lzo=38;5;9:*.xz=38;5;9:*.bz2=38;5;9:*.bz=38;5;9:*.tbz=38;5;9:*.tbz2=38;5;9:*.tz=38;5;9:*.deb=38;5;9:*.rpm=38;5;9:*.jar=38;5;9:*.war=38;5;9:*.ear=38;5;9:*.sar=38;5;9:*.rar=38;5;9:*.alz=38;5;9:*.ace=38;5;9:*.zoo=38;5;9:*.cpio=38;5;9:*.7z=38;5;9:*.rz=38;5;9:*.cab=38;5;9:*.jpg=38;5;13:*.jpeg=38;5;13:*.gif=38;5;13:*.bmp=38;5;13:*.pbm=38;5;13:*.pgm=38;5;13:*.ppm=38;5;13:*.tga=38;5;13:*.xbm=38;5;13:*.xpm=38;5;13:*.tif=38;5;13:*.tiff=38;5;13:*.png=38;5;13:*.svg=38;5;13:*.svgz=38;5;13:*.mng=38;5;13:*.pcx=38;5;13:*.mov=38;5;13:*.mpg=38;5;13:*.mpeg=38;5;13:*.m2v=38;5;13:*.mkv=38;5;13:*.webm=38;5;13:*.ogm=38;5;13:*.mp4=38;5;13:*.m4v=38;5;13:*.mp4v=38;5;13:*.vob=38;5;13:*.qt=38;5;13:*.nuv=38;5;13:*.wmv=38;5;13:*.asf=38;5;13:*.rm=38;5;13:*.rmvb=38;5;13:*.flc=38;5;13:*.avi=38;5;13:*.fli=38;5;13:*.flv=38;5;13:*.gl=38;5;13:*.dl=38;5;13:*.xcf=38;5;13:*.xwd=38;5;13:*.yuv=38;5;13:*.cgm=38;5;13:*.emf=38;5;13:*.axv=38;5;13:*.anx=38;5;13:*.ogv=38;5;13:*.ogx=38;5;13:*.aac=38;5;45:*.au=38;5;45:*.flac=38;5;45:*.mid=38;5;45:*.midi=38;5;45:*.mka=38;5;45:*.mp3=38;5;45:*.mpc=38;5;45:*.ogg=38;5;45:*.ra=38;5;45:*.wav=38;5;45:*.axa=38;5;45:*.oga=38;5;45:*.spx=38;5;45:*.xspf=38;5;45:
RDI_PATCHROOT=
TCL_LIBRARY=/opt/Xilinx/Vitis/2020.1/tps/tcl/tcl8.5
RDI_PLATFORM=lnx64
MAKELEVEL=1
RDI_BUILD=yes
MFLAGS=
RT_LIBPATH=/opt/Xilinx/Vitis/2020.1/scripts/rt/data
RDI_LIBDIR=/opt/Xilinx/Vitis/2020.1/lib/lnx64.o/Default:/opt/Xilinx/Vitis/2020.1/lib/lnx64.o
MAIL=/var/spool/mail/root
PATH=/opt/Xilinx/Vivado/2020.1/tps/lnx64/binutils-2.26/bin:/opt/Xilinx/Vitis/2020.1/bin/../gnu/aarch64/lin/aarch64-linux/bin:/opt/Xilinx/Vitis/2020.1/bin/../gnu/ppc64le/4.9.3/lnx64/bin:/opt/Xilinx/Vitis/2020.1/bin/../gnu/aarch32/lin/gcc-arm-linux-gnueabi/bin:/opt/Xilinx/Vivado/2020.1/tps/lnx64/gcc-6.2.0/bin:/opt/Xilinx/Vivado/2020.1/gnu/microblaze/lin/bin:/opt/Xilinx/Vitis/2020.1/bin:/opt/Xilinx/Vitis/2020.1/tps/lnx64/jre9.0.4/bin:/opt/xilinx/xrt/bin:/opt/Xilinx/DocNav:/opt/Xilinx/Vivado/2020.1/bin:/opt/Xilinx/Vitis/2020.1/gnu/microblaze/lin/bin:/opt/Xilinx/Vitis/2020.1/gnu/arm/lin/bin:/opt/Xilinx/Vitis/2020.1/gnu/microblaze/linux_toolchain/lin64_le/bin:/opt/Xilinx/Vitis/2020.1/gnu/aarch32/lin/gcc-arm-linux-gnueabi/bin:/opt/Xilinx/Vitis/2020.1/gnu/aarch32/lin/gcc-arm-none-eabi/bin:/opt/Xilinx/Vitis/2020.1/gnu/aarch64/lin/aarch64-linux/bin:/opt/Xilinx/Vitis/2020.1/gnu/aarch64/lin/aarch64-none/bin:/opt/Xilinx/Vitis/2020.1/gnu/armr5/lin/gcc-arm-none-eabi/bin:/opt/Xilinx/Vitis/2020.1/tps/lnx64/cmake-3.3.2/bin:/opt/Xilinx/Vitis/2020.1/cardano/bin:/root/.vscode-server/bin/8b3775030ed1a69b13e4f4c628c612102e30a681/bin/remote-cli:/usr/local/sbin:/usr/local/bin:/usr/sbin:/usr/bin:/root/bin:/root/faasTools/
XILINX_VITIS=/opt/Xilinx/Vitis/2020.1
XILINX_XRT=/opt/xilinx/xrt/
PWD=/root/okx/build
XIL_CHECK_TCL_DEBUG=False
LANG=en_US.UTF-8
HDI_APPROOT=/opt/Xilinx/Vitis/2020.1
VSCODE_GIT_ASKPASS_EXTRA_ARGS=
XILINX_VIVADO=/opt/Xilinx/Vivado/2020.1
LM_LICENSE_FILE=2100@faas-cert.ap-southeast-1.alibaba-inc.com
XILINX_SDK=/opt/Xilinx/Vitis/2020.1
HISTCONTROL=ignoredups
ISL_IOSTREAMS_RSA=/opt/Xilinx/Vitis/2020.1/tps/isl
SHLVL=8
HOME=/root
RDI_BASEROOT=/opt/Xilinx/Vitis
VSCODE_GIT_ASKPASS_MAIN=/root/.vscode-server/bin/8b3775030ed1a69b13e4f4c628c612102e30a681/extensions/git/dist/askpass-main.js
RDI_APPROOT=/opt/Xilinx/Vitis/2020.1
PYTHONPATH=/opt/xilinx/xrt/python:
LOGNAME=root
RDI_JAVA_PLATFORM=
PLATFORM_REPO_PATHS=/opt/xilinx/platforms
VSCODE_GIT_IPC_HANDLE=/run/user/0/vscode-git-6e4734daac.sock
SSH_CONNECTION=116.88.217.81 52456 172.27.251.188 22
XDG_DATA_DIRS=/root/.local/share/flatpak/exports/share:/var/lib/flatpak/exports/share:/usr/local/share:/usr/share
RDI_BINROOT=/opt/Xilinx/Vitis/2020.1/bin
VSCODE_IPC_HOOK_CLI=/run/user/0/vscode-ipc-a1eb248e-5a5e-40ca-b01f-6b84c4a85719.sock
LESSOPEN=||/usr/bin/lesspipe.sh %s
BROWSER=/root/.vscode-server/bin/8b3775030ed1a69b13e4f4c628c612102e30a681/bin/helpers/browser.sh
GIT_ASKPASS=/root/.vscode-server/bin/8b3775030ed1a69b13e4f4c628c612102e30a681/extensions/git/dist/askpass.sh
VSCODE_GIT_ASKPASS_NODE=/root/.vscode-server/bin/8b3775030ed1a69b13e4f4c628c612102e30a681/node
RDI_PROG=/opt/Xilinx/Vitis/2020.1/bin/unwrapped/lnx64.o/v++
DISPLAY=
XDG_RUNTIME_DIR=/run/user/0
XIL_NO_OVERRIDE=0
XIL_SUPPRESS_OVERRIDE_WARNINGS=1
XILINX_PLANAHEAD=/opt/Xilinx/Vitis/2020.1
HDIPRELDPATH=/opt/Xilinx/Vitis/2020.1/lib/lnx64.o/Default:/opt/Xilinx/Vitis/2020.1/lib/lnx64.o:/opt/xilinx/xrt/lib::/opt/Xilinx/Vitis/2020.1/lnx64/tools/fpo_v7_0:/opt/Xilinx/Vitis/2020.1/lnx64/lib/csim:/opt/Xilinx/Vitis/2020.1/lnx64/tools/fft_v9_1:/opt/Xilinx/Vitis/2020.1/lnx64/tools/fir_v7_0:/opt/Xilinx/Vitis/2020.1/lnx64/tools/dds_v6_0:/opt/xilinx/xrt/lib:/opt/Xilinx/Vitis/2020.1/bin/../lnx64/tools/dot/lib
RDI_INSTALLVER=2020.1
RDI_DATADIR=/opt/Xilinx/Vitis/2020.1/data
COLORTERM=truecolor
RDI_INSTALLROOT=/opt/Xilinx
_=/opt/Xilinx/Vitis/2020.1/bin/unwrapped/lnx64.o/v++
XILINX_CD_CONNECT_ID=40551
XILINX_CD_SESSION=df30e021-f5c4-4f0f-82a3-3e396cbdf412
XILINX_RS_PORT=36687
XILINX_RS_SESSION=c13e3097-c6b9-4443-9278-736586db110a


V++ command line:
------------------------------------------
/opt/Xilinx/Vitis/2020.1/bin/unwrapped/lnx64.o/v++ --platform /opt/xilinx/platforms/xilinx_aliyun-f3_dynamic_5_0/xilinx_aliyun-f3_dynamic_5_0.xpfm --target hw_emu --compile -g -s -k EthOutTop -obuild/EthOutTop.xo ../src/EthOut/EthOutTop.cpp 

FINAL PROGRAM OPTIONS
--compile
--debug
--input_files ../src/EthOut/EthOutTop.cpp
--kernel EthOutTop
--optimize 0
--output build/EthOutTop.xo
--platform /opt/xilinx/platforms/xilinx_aliyun-f3_dynamic_5_0/xilinx_aliyun-f3_dynamic_5_0.xpfm
--report_level 0
--save-temps
--target hw_emu

PARSED COMMAND LINE OPTIONS
--platform /opt/xilinx/platforms/xilinx_aliyun-f3_dynamic_5_0/xilinx_aliyun-f3_dynamic_5_0.xpfm 
--target hw_emu 
--compile 
-g 
-s 
-k EthOutTop 
-obuild/EthOutTop.xo 
../src/EthOut/EthOutTop.cpp 

EXPANDED PARAMETERS
From application of optMap.xml: 
 --xp "vivado_prop:run.__KERNEL__.{STEPS.SYNTH_DESIGN.ARGS.MORE OPTIONS}={-directive sdx_optimization_effort_high}" --xp "misc:report=type report_timing_summary name impl_report_timing_summary_route_design_summary steps {route_design} runs {impl_1} options {-max_paths 10}" --xp "misc:report=type report_timing_summary name impl_report_timing_summary_post_route_phys_opt_design_summary steps {post_route_phys_opt_design} runs {impl_1} options {-max_paths 10}"


FINAL PLATFORM PATH
/opt/xilinx/platforms/xilinx_aliyun-f3_dynamic_5_0/xilinx_aliyun-f3_dynamic_5_0.xpfm

==========================================
new:  steps log generated by v++ for new launch 
timestamp: 01 Jan 2021 00:00:18
------------------------------------------
step: performing high-level synthesis for kernel:EthOutTop
timestamp: 01 Jan 2021 00:00:51
launch dir: /root/okx/build/_x/EthOutTop/EthOutTop
cmd: vitis_hls -f /root/okx/build/_x/EthOutTop/EthOutTop/EthOutTop.tcl -messageDb vitis_hls.pb
V++ internal step status: success
------------------------------------------
V++ internal step: generating system estimate report file
timestamp: 01 Jan 2021 00:00:51
output: /root/okx/build/_x/reports/EthOutTop/system_estimate_EthOutTop.xtxt
V++ internal step status: success
------------------------------------------
system estimate report task completed
timestamp: 01 Jan 2021 00:00:51
